TRACE::2025-04-01.00:33:09::SCWPlatform::Trying to open the hw design at D:/EECE351/Lab/Lab7/workplace/Lab7_sw_wrapper/hw/Lab7_sw_wrapper.xsa
TRACE::2025-04-01.00:33:09::SCWPlatform::DSA given D:/EECE351/Lab/Lab7/workplace/Lab7_sw_wrapper/hw/Lab7_sw_wrapper.xsa
TRACE::2025-04-01.00:33:09::SCWPlatform::DSA absoulate path D:/EECE351/Lab/Lab7/workplace/Lab7_sw_wrapper/hw/Lab7_sw_wrapper.xsa
TRACE::2025-04-01.00:33:09::SCWPlatform::DSA directory D:/EECE351/Lab/Lab7/workplace/Lab7_sw_wrapper/hw
TRACE::2025-04-01.00:33:10::SCWPlatform:: Platform Path D:/EECE351/Lab/Lab7/workplace/Lab7_sw_wrapper/hw/Lab7_sw_wrapper.xsa
TRACE::2025-04-01.00:33:10::SCWPlatform:: Unique name xilinx:::0.0
TRACE::2025-04-01.00:33:10::SCWPlatform::Do not have an existing db opened. 
TRACE::2025-04-01.00:33:10::SCWPlatform::Opened new HwDB with name fpga_hw_wrapper_0
TRACE::2025-04-01.00:33:10::SCWWriter::formatted JSON is {
	"platformName":	"Lab7_sw_wrapper",
	"sprVersion":	"2.0",
	"mode":	"gui",
	"dsaType":	"Fixed",
	"platformDesc":	"Lab7_sw_wrapper",
	"platHandOff":	"D:/EECE351/Lab/Lab7/Lab7_sw_wrapper.xsa",
	"platIntHandOff":	"<platformDir>/hw/Lab7_sw_wrapper.xsa",
	"deviceType":	"FPGA",
	"platIsPrebuiltAutogen":	"false",
	"platIsNoBootBsp":	"false",
	"hasFsblMakeHasChanges":	"false",
	"hasPmufwMakeHasChanges":	"false",
	"platPreBuiltFlag":	false,
	"platformSamplesDir":	""
}
TRACE::2025-04-01.00:33:10::SCWWriter::formatted JSON is {
	"platformName":	"Lab7_sw_wrapper",
	"sprVersion":	"2.0",
	"mode":	"gui",
	"dsaType":	"Fixed",
	"platformDesc":	"Lab7_sw_wrapper",
	"platHandOff":	"D:/EECE351/Lab/Lab7/Lab7_sw_wrapper.xsa",
	"platIntHandOff":	"<platformDir>/hw/Lab7_sw_wrapper.xsa",
	"deviceType":	"FPGA",
	"platIsPrebuiltAutogen":	"false",
	"platIsNoBootBsp":	"false",
	"hasFsblMakeHasChanges":	"false",
	"hasPmufwMakeHasChanges":	"false",
	"platPreBuiltFlag":	false,
	"platformSamplesDir":	"",
	"platActiveSys":	"Lab7_sw_wrapper",
	"systems":	[{
			"systemName":	"Lab7_sw_wrapper",
			"systemDesc":	"Lab7_sw_wrapper",
			"sysIsBootAutoGen":	"true",
			"systemDispName":	"Lab7_sw_wrapper"
		}]
}
TRACE::2025-04-01.00:33:10::SCWPlatform::Boot application domains not present, creating them
TRACE::2025-04-01.00:33:10::SCWPlatform::Pure FPGA device, no boot application will be created.
TRACE::2025-04-01.00:33:10::SCWWriter::formatted JSON is {
	"platformName":	"Lab7_sw_wrapper",
	"sprVersion":	"2.0",
	"mode":	"gui",
	"dsaType":	"Fixed",
	"platformDesc":	"Lab7_sw_wrapper",
	"platHandOff":	"D:/EECE351/Lab/Lab7/Lab7_sw_wrapper.xsa",
	"platIntHandOff":	"<platformDir>/hw/Lab7_sw_wrapper.xsa",
	"deviceType":	"FPGA",
	"platIsPrebuiltAutogen":	"false",
	"platIsNoBootBsp":	"false",
	"hasFsblMakeHasChanges":	"false",
	"hasPmufwMakeHasChanges":	"false",
	"platPreBuiltFlag":	false,
	"platformSamplesDir":	"",
	"platActiveSys":	"Lab7_sw_wrapper",
	"systems":	[{
			"systemName":	"Lab7_sw_wrapper",
			"systemDesc":	"Lab7_sw_wrapper",
			"sysIsBootAutoGen":	"true",
			"systemDispName":	"Lab7_sw_wrapper"
		}]
}
TRACE::2025-04-01.00:33:10::SCWWriter::formatted JSON is {
	"platformName":	"Lab7_sw_wrapper",
	"sprVersion":	"2.0",
	"mode":	"gui",
	"dsaType":	"Fixed",
	"platformDesc":	"Lab7_sw_wrapper",
	"platHandOff":	"D:/EECE351/Lab/Lab7/Lab7_sw_wrapper.xsa",
	"platIntHandOff":	"<platformDir>/hw/Lab7_sw_wrapper.xsa",
	"deviceType":	"FPGA",
	"platIsPrebuiltAutogen":	"false",
	"platIsNoBootBsp":	"false",
	"hasFsblMakeHasChanges":	"false",
	"hasPmufwMakeHasChanges":	"false",
	"platPreBuiltFlag":	false,
	"platformSamplesDir":	"",
	"platActiveSys":	"Lab7_sw_wrapper",
	"systems":	[{
			"systemName":	"Lab7_sw_wrapper",
			"systemDesc":	"Lab7_sw_wrapper",
			"sysIsBootAutoGen":	"true",
			"systemDispName":	"Lab7_sw_wrapper"
		}]
}
TRACE::2025-04-01.00:33:10::SCWPlatform::Trying to open the hw design at D:/EECE351/Lab/Lab7/workplace/Lab7_sw_wrapper/hw/Lab7_sw_wrapper.xsa
TRACE::2025-04-01.00:33:10::SCWPlatform::DSA given D:/EECE351/Lab/Lab7/workplace/Lab7_sw_wrapper/hw/Lab7_sw_wrapper.xsa
TRACE::2025-04-01.00:33:10::SCWPlatform::DSA absoulate path D:/EECE351/Lab/Lab7/workplace/Lab7_sw_wrapper/hw/Lab7_sw_wrapper.xsa
TRACE::2025-04-01.00:33:10::SCWPlatform::DSA directory D:/EECE351/Lab/Lab7/workplace/Lab7_sw_wrapper/hw
TRACE::2025-04-01.00:33:10::SCWPlatform:: Platform Path D:/EECE351/Lab/Lab7/workplace/Lab7_sw_wrapper/hw/Lab7_sw_wrapper.xsa
TRACE::2025-04-01.00:33:10::SCWPlatform:: Unique name xilinx:::0.0
TRACE::2025-04-01.00:33:10::SCWPlatform::Trying to set the existing hwdb with name fpga_hw_wrapper_0
TRACE::2025-04-01.00:33:10::SCWPlatform::Opened existing hwdb fpga_hw_wrapper_0
TRACE::2025-04-01.00:33:10::SCWPlatform::Found the Hw Db part of the input DSA
TRACE::2025-04-01.00:33:10::SCWPlatform::Trying to open the hw design at D:/EECE351/Lab/Lab7/workplace/Lab7_sw_wrapper/hw/Lab7_sw_wrapper.xsa
TRACE::2025-04-01.00:33:10::SCWPlatform::DSA given D:/EECE351/Lab/Lab7/workplace/Lab7_sw_wrapper/hw/Lab7_sw_wrapper.xsa
TRACE::2025-04-01.00:33:10::SCWPlatform::DSA absoulate path D:/EECE351/Lab/Lab7/workplace/Lab7_sw_wrapper/hw/Lab7_sw_wrapper.xsa
TRACE::2025-04-01.00:33:10::SCWPlatform::DSA directory D:/EECE351/Lab/Lab7/workplace/Lab7_sw_wrapper/hw
TRACE::2025-04-01.00:33:10::SCWPlatform:: Platform Path D:/EECE351/Lab/Lab7/workplace/Lab7_sw_wrapper/hw/Lab7_sw_wrapper.xsa
TRACE::2025-04-01.00:33:10::SCWPlatform:: Unique name xilinx:::0.0
TRACE::2025-04-01.00:33:10::SCWPlatform::Trying to set the existing hwdb with name fpga_hw_wrapper_0
TRACE::2025-04-01.00:33:10::SCWPlatform::Opened existing hwdb fpga_hw_wrapper_0
TRACE::2025-04-01.00:33:10::SCWPlatform::Found the Hw Db part of the input DSA
TRACE::2025-04-01.00:33:10::SCWDomain::checking for install qemu data   : 
TRACE::2025-04-01.00:33:10::SCWPlatform::Trying to open the hw design at D:/EECE351/Lab/Lab7/workplace/Lab7_sw_wrapper/hw/Lab7_sw_wrapper.xsa
TRACE::2025-04-01.00:33:10::SCWPlatform::DSA given D:/EECE351/Lab/Lab7/workplace/Lab7_sw_wrapper/hw/Lab7_sw_wrapper.xsa
TRACE::2025-04-01.00:33:10::SCWPlatform::DSA absoulate path D:/EECE351/Lab/Lab7/workplace/Lab7_sw_wrapper/hw/Lab7_sw_wrapper.xsa
TRACE::2025-04-01.00:33:10::SCWPlatform::DSA directory D:/EECE351/Lab/Lab7/workplace/Lab7_sw_wrapper/hw
TRACE::2025-04-01.00:33:10::SCWPlatform:: Platform Path D:/EECE351/Lab/Lab7/workplace/Lab7_sw_wrapper/hw/Lab7_sw_wrapper.xsa
TRACE::2025-04-01.00:33:10::SCWPlatform:: Unique name xilinx:::0.0
TRACE::2025-04-01.00:33:10::SCWPlatform::Trying to set the existing hwdb with name fpga_hw_wrapper_0
TRACE::2025-04-01.00:33:10::SCWPlatform::Opened existing hwdb fpga_hw_wrapper_0
TRACE::2025-04-01.00:33:10::SCWPlatform::Found the Hw Db part of the input DSA
TRACE::2025-04-01.00:33:10::SCWPlatform::Trying to open the hw design at D:/EECE351/Lab/Lab7/workplace/Lab7_sw_wrapper/hw/Lab7_sw_wrapper.xsa
TRACE::2025-04-01.00:33:10::SCWPlatform::DSA given D:/EECE351/Lab/Lab7/workplace/Lab7_sw_wrapper/hw/Lab7_sw_wrapper.xsa
TRACE::2025-04-01.00:33:10::SCWPlatform::DSA absoulate path D:/EECE351/Lab/Lab7/workplace/Lab7_sw_wrapper/hw/Lab7_sw_wrapper.xsa
TRACE::2025-04-01.00:33:10::SCWPlatform::DSA directory D:/EECE351/Lab/Lab7/workplace/Lab7_sw_wrapper/hw
TRACE::2025-04-01.00:33:10::SCWPlatform:: Platform Path D:/EECE351/Lab/Lab7/workplace/Lab7_sw_wrapper/hw/Lab7_sw_wrapper.xsa
TRACE::2025-04-01.00:33:10::SCWPlatform:: Unique name xilinx:::0.0
TRACE::2025-04-01.00:33:10::SCWPlatform::Trying to set the existing hwdb with name fpga_hw_wrapper_0
TRACE::2025-04-01.00:33:10::SCWPlatform::Opened existing hwdb fpga_hw_wrapper_0
TRACE::2025-04-01.00:33:10::SCWPlatform::Found the Hw Db part of the input DSA
TRACE::2025-04-01.00:33:10::SCWPlatform::Trying to open the hw design at D:/EECE351/Lab/Lab7/workplace/Lab7_sw_wrapper/hw/Lab7_sw_wrapper.xsa
TRACE::2025-04-01.00:33:10::SCWPlatform::DSA given D:/EECE351/Lab/Lab7/workplace/Lab7_sw_wrapper/hw/Lab7_sw_wrapper.xsa
TRACE::2025-04-01.00:33:10::SCWPlatform::DSA absoulate path D:/EECE351/Lab/Lab7/workplace/Lab7_sw_wrapper/hw/Lab7_sw_wrapper.xsa
TRACE::2025-04-01.00:33:10::SCWPlatform::DSA directory D:/EECE351/Lab/Lab7/workplace/Lab7_sw_wrapper/hw
TRACE::2025-04-01.00:33:10::SCWPlatform:: Platform Path D:/EECE351/Lab/Lab7/workplace/Lab7_sw_wrapper/hw/Lab7_sw_wrapper.xsa
TRACE::2025-04-01.00:33:10::SCWPlatform:: Unique name xilinx:::0.0
TRACE::2025-04-01.00:33:10::SCWPlatform::Trying to set the existing hwdb with name fpga_hw_wrapper_0
TRACE::2025-04-01.00:33:10::SCWPlatform::Opened existing hwdb fpga_hw_wrapper_0
TRACE::2025-04-01.00:33:10::SCWPlatform::Found the Hw Db part of the input DSA
TRACE::2025-04-01.00:33:10::SCWMssOS::Checking the sw design at  D:/EECE351/Lab/Lab7/workplace/Lab7_sw_wrapper/microblaze_0/standalone_microblaze_0/bsp/system.mss
TRACE::2025-04-01.00:33:10::SCWMssOS::DEBUG:  swdes dump  
TRACE::2025-04-01.00:33:10::SCWMssOS::No sw design opened at  D:/EECE351/Lab/Lab7/workplace/Lab7_sw_wrapper/microblaze_0/standalone_microblaze_0/bsp/system.mss
TRACE::2025-04-01.00:33:10::SCWMssOS::mss does not exists at D:/EECE351/Lab/Lab7/workplace/Lab7_sw_wrapper/microblaze_0/standalone_microblaze_0/bsp/system.mss
TRACE::2025-04-01.00:33:10::SCWMssOS::Creating sw design at  D:/EECE351/Lab/Lab7/workplace/Lab7_sw_wrapper/microblaze_0/standalone_microblaze_0/bsp/system.mss
TRACE::2025-04-01.00:33:10::SCWMssOS::Adding the swdes entry, created swdb D:/EECE351/Lab/Lab7/workplace/Lab7_sw_wrapper/microblaze_0/standalone_microblaze_0/bsp/system.mss with des name D:/EECE351/Lab/Lab7/workplace/Lab7_sw_wrapper/microblaze_0/standalone_microblaze_0/bsp/system.mss
TRACE::2025-04-01.00:33:10::SCWMssOS::updating the scw layer changes to swdes at   D:/EECE351/Lab/Lab7/workplace/Lab7_sw_wrapper/microblaze_0/standalone_microblaze_0/bsp/system.mss
TRACE::2025-04-01.00:33:10::SCWMssOS::Writing mss at D:/EECE351/Lab/Lab7/workplace/Lab7_sw_wrapper/microblaze_0/standalone_microblaze_0/bsp/system.mss
TRACE::2025-04-01.00:33:10::SCWMssOS::Completed writing the mss file at D:/EECE351/Lab/Lab7/workplace/Lab7_sw_wrapper/microblaze_0/standalone_microblaze_0/bsp
TRACE::2025-04-01.00:33:10::SCWMssOS::Picking up changes from newly written mss file into SCW Layer. 
TRACE::2025-04-01.00:33:10::SCWMssOS::Updated the changes from newly written mss file into SCW Layer. 
TRACE::2025-04-01.00:33:10::SCWMssOS::Completed writing the mss file at D:/EECE351/Lab/Lab7/workplace/Lab7_sw_wrapper/microblaze_0/standalone_microblaze_0/bsp
TRACE::2025-04-01.00:33:10::SCWMssOS::Forcing BSP Sources regeneration.
TRACE::2025-04-01.00:33:11::SCWMssOS::Saving the mss changes D:/EECE351/Lab/Lab7/workplace/Lab7_sw_wrapper/microblaze_0/standalone_microblaze_0/bsp/system.mss
TRACE::2025-04-01.00:33:11::SCWMssOS::Adding the swdes entry, mss present, able to open swdb D:/EECE351/Lab/Lab7/workplace/Lab7_sw_wrapper/microblaze_0/standalone_microblaze_0/bsp/system.mss with des name system
TRACE::2025-04-01.00:33:11::SCWMssOS::Writing the mss file completed D:/EECE351/Lab/Lab7/workplace/Lab7_sw_wrapper/microblaze_0/standalone_microblaze_0/bsp/system.mss
TRACE::2025-04-01.00:33:11::SCWMssOS::Commit changes completed.
TRACE::2025-04-01.00:33:11::SCWPlatform::Trying to open the hw design at D:/EECE351/Lab/Lab7/workplace/Lab7_sw_wrapper/hw/Lab7_sw_wrapper.xsa
TRACE::2025-04-01.00:33:11::SCWPlatform::DSA given D:/EECE351/Lab/Lab7/workplace/Lab7_sw_wrapper/hw/Lab7_sw_wrapper.xsa
TRACE::2025-04-01.00:33:11::SCWPlatform::DSA absoulate path D:/EECE351/Lab/Lab7/workplace/Lab7_sw_wrapper/hw/Lab7_sw_wrapper.xsa
TRACE::2025-04-01.00:33:11::SCWPlatform::DSA directory D:/EECE351/Lab/Lab7/workplace/Lab7_sw_wrapper/hw
TRACE::2025-04-01.00:33:11::SCWPlatform:: Platform Path D:/EECE351/Lab/Lab7/workplace/Lab7_sw_wrapper/hw/Lab7_sw_wrapper.xsa
TRACE::2025-04-01.00:33:11::SCWPlatform:: Unique name xilinx:::0.0
TRACE::2025-04-01.00:33:11::SCWPlatform::Trying to set the existing hwdb with name fpga_hw_wrapper_0
TRACE::2025-04-01.00:33:11::SCWPlatform::Opened existing hwdb fpga_hw_wrapper_0
TRACE::2025-04-01.00:33:11::SCWPlatform::Found the Hw Db part of the input DSA
TRACE::2025-04-01.00:33:11::SCWMssOS::Checking the sw design at  D:/EECE351/Lab/Lab7/workplace/Lab7_sw_wrapper/microblaze_0/standalone_microblaze_0/bsp/system.mss
TRACE::2025-04-01.00:33:11::SCWMssOS::DEBUG:  swdes dump  D:/EECE351/Lab/Lab7/workplace/Lab7_sw_wrapper/microblaze_0/standalone_microblaze_0/bsp/system.mss|system||

TRACE::2025-04-01.00:33:11::SCWMssOS::Sw design exists and opened at  D:/EECE351/Lab/Lab7/workplace/Lab7_sw_wrapper/microblaze_0/standalone_microblaze_0/bsp/system.mss
TRACE::2025-04-01.00:33:11::SCWPlatform::Trying to open the hw design at D:/EECE351/Lab/Lab7/workplace/Lab7_sw_wrapper/hw/Lab7_sw_wrapper.xsa
TRACE::2025-04-01.00:33:11::SCWPlatform::DSA given D:/EECE351/Lab/Lab7/workplace/Lab7_sw_wrapper/hw/Lab7_sw_wrapper.xsa
TRACE::2025-04-01.00:33:11::SCWPlatform::DSA absoulate path D:/EECE351/Lab/Lab7/workplace/Lab7_sw_wrapper/hw/Lab7_sw_wrapper.xsa
TRACE::2025-04-01.00:33:11::SCWPlatform::DSA directory D:/EECE351/Lab/Lab7/workplace/Lab7_sw_wrapper/hw
TRACE::2025-04-01.00:33:11::SCWPlatform:: Platform Path D:/EECE351/Lab/Lab7/workplace/Lab7_sw_wrapper/hw/Lab7_sw_wrapper.xsa
TRACE::2025-04-01.00:33:11::SCWPlatform:: Unique name xilinx:::0.0
TRACE::2025-04-01.00:33:11::SCWPlatform::Trying to set the existing hwdb with name fpga_hw_wrapper_0
TRACE::2025-04-01.00:33:11::SCWPlatform::Opened existing hwdb fpga_hw_wrapper_0
TRACE::2025-04-01.00:33:11::SCWPlatform::Found the Hw Db part of the input DSA
TRACE::2025-04-01.00:33:11::SCWMssOS::Checking the sw design at  D:/EECE351/Lab/Lab7/workplace/Lab7_sw_wrapper/microblaze_0/standalone_microblaze_0/bsp/system.mss
TRACE::2025-04-01.00:33:11::SCWMssOS::DEBUG:  swdes dump  D:/EECE351/Lab/Lab7/workplace/Lab7_sw_wrapper/microblaze_0/standalone_microblaze_0/bsp/system.mss|system||

TRACE::2025-04-01.00:33:11::SCWMssOS::Sw design exists and opened at  D:/EECE351/Lab/Lab7/workplace/Lab7_sw_wrapper/microblaze_0/standalone_microblaze_0/bsp/system.mss
TRACE::2025-04-01.00:33:11::SCWPlatform::Trying to open the hw design at D:/EECE351/Lab/Lab7/workplace/Lab7_sw_wrapper/hw/Lab7_sw_wrapper.xsa
TRACE::2025-04-01.00:33:11::SCWPlatform::DSA given D:/EECE351/Lab/Lab7/workplace/Lab7_sw_wrapper/hw/Lab7_sw_wrapper.xsa
TRACE::2025-04-01.00:33:11::SCWPlatform::DSA absoulate path D:/EECE351/Lab/Lab7/workplace/Lab7_sw_wrapper/hw/Lab7_sw_wrapper.xsa
TRACE::2025-04-01.00:33:11::SCWPlatform::DSA directory D:/EECE351/Lab/Lab7/workplace/Lab7_sw_wrapper/hw
TRACE::2025-04-01.00:33:11::SCWPlatform:: Platform Path D:/EECE351/Lab/Lab7/workplace/Lab7_sw_wrapper/hw/Lab7_sw_wrapper.xsa
TRACE::2025-04-01.00:33:11::SCWPlatform:: Unique name xilinx:::0.0
TRACE::2025-04-01.00:33:11::SCWPlatform::Trying to set the existing hwdb with name fpga_hw_wrapper_0
TRACE::2025-04-01.00:33:11::SCWPlatform::Opened existing hwdb fpga_hw_wrapper_0
TRACE::2025-04-01.00:33:11::SCWPlatform::Found the Hw Db part of the input DSA
TRACE::2025-04-01.00:33:11::SCWMssOS::Checking the sw design at  D:/EECE351/Lab/Lab7/workplace/Lab7_sw_wrapper/microblaze_0/standalone_microblaze_0/bsp/system.mss
TRACE::2025-04-01.00:33:11::SCWMssOS::DEBUG:  swdes dump  D:/EECE351/Lab/Lab7/workplace/Lab7_sw_wrapper/microblaze_0/standalone_microblaze_0/bsp/system.mss|system||

TRACE::2025-04-01.00:33:11::SCWMssOS::Sw design exists and opened at  D:/EECE351/Lab/Lab7/workplace/Lab7_sw_wrapper/microblaze_0/standalone_microblaze_0/bsp/system.mss
TRACE::2025-04-01.00:33:11::SCWWriter::formatted JSON is {
	"platformName":	"Lab7_sw_wrapper",
	"sprVersion":	"2.0",
	"mode":	"gui",
	"dsaType":	"Fixed",
	"platformDesc":	"Lab7_sw_wrapper",
	"platHandOff":	"D:/EECE351/Lab/Lab7/Lab7_sw_wrapper.xsa",
	"platIntHandOff":	"<platformDir>/hw/Lab7_sw_wrapper.xsa",
	"deviceType":	"FPGA",
	"platIsPrebuiltAutogen":	"false",
	"platIsNoBootBsp":	"false",
	"hasFsblMakeHasChanges":	"false",
	"hasPmufwMakeHasChanges":	"false",
	"platPreBuiltFlag":	false,
	"platformSamplesDir":	"",
	"platActiveSys":	"Lab7_sw_wrapper",
	"systems":	[{
			"systemName":	"Lab7_sw_wrapper",
			"systemDesc":	"Lab7_sw_wrapper",
			"sysIsBootAutoGen":	"true",
			"systemDispName":	"Lab7_sw_wrapper",
			"sysActiveDom":	"standalone_microblaze_0",
			"sysDefaultDom":	"standalone_microblaze_0",
			"domains":	[{
					"domainName":	"standalone_microblaze_0",
					"domainDispName":	"standalone_microblaze_0",
					"domainDesc":	"standalone_microblaze_0",
					"processors":	"microblaze_0",
					"os":	"standalone",
					"sdxOs":	"standalone",
					"debugEnable":	"False",
					"domRuntimes":	["cpp"],
					"swRepo":	"",
					"mssOsVer":	"7.7",
					"mssFile":	"",
					"md5Digest":	"ec198fb4203bf672f4f0119431e43494",
					"compatibleApp":	"hello_world",
					"domType":	"mssDomain",
					"arch":	"32-bit",
					"appSettings":	{
						"appCompilerFlags":	"",
						"appLinkerFlags":	""
					},
					"addedLibs":	[],
					"libOptions":	{
						"libsContainingOptions":	[]
					},
					"prebuiltLibs":	{
						"prebuiltIncPath":	[],
						"prebuiltLibPath":	[]
					},
					"isolation":	{
					}
				}]
		}]
}
LOG::2025-04-01.00:33:11::SCWPlatform::Started generating the artifacts platform Lab7_sw_wrapper
TRACE::2025-04-01.00:33:11::SCWPlatform::Sanity checking of platform is completed
LOG::2025-04-01.00:33:11::SCWPlatform::Started generating the artifacts for system configuration Lab7_sw_wrapper
LOG::2025-04-01.00:33:11::SCWSystem::Checking the domain standalone_microblaze_0
LOG::2025-04-01.00:33:11::SCWSystem::Not a boot domain 
LOG::2025-04-01.00:33:11::SCWSystem::Started Processing the domain standalone_microblaze_0
TRACE::2025-04-01.00:33:11::SCWDomain::Generating domain artifcats
TRACE::2025-04-01.00:33:11::SCWMssOS::Generating standalone artifcats
TRACE::2025-04-01.00:33:11::SCWMssOS:: Copying the user libraries. 
TRACE::2025-04-01.00:33:11::SCWPlatform::Trying to open the hw design at D:/EECE351/Lab/Lab7/workplace/Lab7_sw_wrapper/hw/Lab7_sw_wrapper.xsa
TRACE::2025-04-01.00:33:11::SCWPlatform::DSA given D:/EECE351/Lab/Lab7/workplace/Lab7_sw_wrapper/hw/Lab7_sw_wrapper.xsa
TRACE::2025-04-01.00:33:11::SCWPlatform::DSA absoulate path D:/EECE351/Lab/Lab7/workplace/Lab7_sw_wrapper/hw/Lab7_sw_wrapper.xsa
TRACE::2025-04-01.00:33:11::SCWPlatform::DSA directory D:/EECE351/Lab/Lab7/workplace/Lab7_sw_wrapper/hw
TRACE::2025-04-01.00:33:11::SCWPlatform:: Platform Path D:/EECE351/Lab/Lab7/workplace/Lab7_sw_wrapper/hw/Lab7_sw_wrapper.xsa
TRACE::2025-04-01.00:33:11::SCWPlatform:: Unique name xilinx:::0.0
TRACE::2025-04-01.00:33:11::SCWPlatform::Trying to set the existing hwdb with name fpga_hw_wrapper_0
TRACE::2025-04-01.00:33:11::SCWPlatform::Opened existing hwdb fpga_hw_wrapper_0
TRACE::2025-04-01.00:33:11::SCWPlatform::Found the Hw Db part of the input DSA
TRACE::2025-04-01.00:33:11::SCWMssOS::Checking the sw design at  D:/EECE351/Lab/Lab7/workplace/Lab7_sw_wrapper/microblaze_0/standalone_microblaze_0/bsp/system.mss
TRACE::2025-04-01.00:33:11::SCWMssOS::DEBUG:  swdes dump  D:/EECE351/Lab/Lab7/workplace/Lab7_sw_wrapper/microblaze_0/standalone_microblaze_0/bsp/system.mss|system||

TRACE::2025-04-01.00:33:11::SCWMssOS::Sw design exists and opened at  D:/EECE351/Lab/Lab7/workplace/Lab7_sw_wrapper/microblaze_0/standalone_microblaze_0/bsp/system.mss
TRACE::2025-04-01.00:33:11::SCWMssOS::Completed writing the mss file at D:/EECE351/Lab/Lab7/workplace/Lab7_sw_wrapper/microblaze_0/standalone_microblaze_0/bsp
TRACE::2025-04-01.00:33:11::SCWMssOS::Mss edits present, copying mssfile into export location D:/EECE351/Lab/Lab7/workplace/Lab7_sw_wrapper/microblaze_0/standalone_microblaze_0/bsp/system.mss
TRACE::2025-04-01.00:33:11::SCWMssOS::bsp generated is upto date with the mss file. Skipping bsp generation.
TRACE::2025-04-01.00:33:11::SCWMssOS::BSP is already built. skipping the bsp build ... 
TRACE::2025-04-01.00:33:11::SCWDomain::Skipping the build for domain :  standalone_microblaze_0
TRACE::2025-04-01.00:33:11::SCWMssOS::skipping the bsp build ... 
TRACE::2025-04-01.00:33:11::SCWMssOS::Copying to export directory.
TRACE::2025-04-01.00:33:11::SCWMssOS:: Checking if to create the Supporting Applications
TRACE::2025-04-01.00:33:11::SCWMssOS:: No Linux domain exists, trying to generate FSBL 
LOG::2025-04-01.00:33:11::SCWSystem::Completed Processing the domain standalone_microblaze_0
LOG::2025-04-01.00:33:11::SCWSystem::Completed Processing the sysconfig Lab7_sw_wrapper
LOG::2025-04-01.00:33:11::SCWPlatform::Completed generating the artifacts for system configuration Lab7_sw_wrapper
TRACE::2025-04-01.00:33:11::SCWPlatform::Started preparing the platform 
TRACE::2025-04-01.00:33:11::SCWSystem::Writing the bif file for system config Lab7_sw_wrapper
TRACE::2025-04-01.00:33:11::SCWSystem::dir created 
TRACE::2025-04-01.00:33:11::SCWSystem::Writing the bif 
TRACE::2025-04-01.00:33:11::SCWPlatform::Started writing the spfm file 
TRACE::2025-04-01.00:33:11::SCWPlatform::Started writing the xpfm file 
TRACE::2025-04-01.00:33:11::SCWPlatform::Completed generating the platform
TRACE::2025-04-01.00:33:11::SCWMssOS::Saving the mss changes D:/EECE351/Lab/Lab7/workplace/Lab7_sw_wrapper/microblaze_0/standalone_microblaze_0/bsp/system.mss
TRACE::2025-04-01.00:33:11::SCWMssOS::Found a swdesign opened with the mssfile.
TRACE::2025-04-01.00:33:11::SCWMssOS::Completed writemss as part of save.
TRACE::2025-04-01.00:33:11::SCWMssOS::Commit changes completed.
TRACE::2025-04-01.00:33:11::SCWPlatform::Trying to open the hw design at D:/EECE351/Lab/Lab7/workplace/Lab7_sw_wrapper/hw/Lab7_sw_wrapper.xsa
TRACE::2025-04-01.00:33:11::SCWPlatform::DSA given D:/EECE351/Lab/Lab7/workplace/Lab7_sw_wrapper/hw/Lab7_sw_wrapper.xsa
TRACE::2025-04-01.00:33:11::SCWPlatform::DSA absoulate path D:/EECE351/Lab/Lab7/workplace/Lab7_sw_wrapper/hw/Lab7_sw_wrapper.xsa
TRACE::2025-04-01.00:33:11::SCWPlatform::DSA directory D:/EECE351/Lab/Lab7/workplace/Lab7_sw_wrapper/hw
TRACE::2025-04-01.00:33:11::SCWPlatform:: Platform Path D:/EECE351/Lab/Lab7/workplace/Lab7_sw_wrapper/hw/Lab7_sw_wrapper.xsa
TRACE::2025-04-01.00:33:11::SCWPlatform:: Unique name xilinx:::0.0
TRACE::2025-04-01.00:33:11::SCWPlatform::Trying to set the existing hwdb with name fpga_hw_wrapper_0
TRACE::2025-04-01.00:33:11::SCWPlatform::Opened existing hwdb fpga_hw_wrapper_0
TRACE::2025-04-01.00:33:11::SCWPlatform::Found the Hw Db part of the input DSA
TRACE::2025-04-01.00:33:11::SCWMssOS::Checking the sw design at  D:/EECE351/Lab/Lab7/workplace/Lab7_sw_wrapper/microblaze_0/standalone_microblaze_0/bsp/system.mss
TRACE::2025-04-01.00:33:11::SCWMssOS::DEBUG:  swdes dump  D:/EECE351/Lab/Lab7/workplace/Lab7_sw_wrapper/microblaze_0/standalone_microblaze_0/bsp/system.mss|system||

TRACE::2025-04-01.00:33:11::SCWMssOS::Sw design exists and opened at  D:/EECE351/Lab/Lab7/workplace/Lab7_sw_wrapper/microblaze_0/standalone_microblaze_0/bsp/system.mss
TRACE::2025-04-01.00:33:11::SCWPlatform::Trying to open the hw design at D:/EECE351/Lab/Lab7/workplace/Lab7_sw_wrapper/hw/Lab7_sw_wrapper.xsa
TRACE::2025-04-01.00:33:11::SCWPlatform::DSA given D:/EECE351/Lab/Lab7/workplace/Lab7_sw_wrapper/hw/Lab7_sw_wrapper.xsa
TRACE::2025-04-01.00:33:11::SCWPlatform::DSA absoulate path D:/EECE351/Lab/Lab7/workplace/Lab7_sw_wrapper/hw/Lab7_sw_wrapper.xsa
TRACE::2025-04-01.00:33:11::SCWPlatform::DSA directory D:/EECE351/Lab/Lab7/workplace/Lab7_sw_wrapper/hw
TRACE::2025-04-01.00:33:11::SCWPlatform:: Platform Path D:/EECE351/Lab/Lab7/workplace/Lab7_sw_wrapper/hw/Lab7_sw_wrapper.xsa
TRACE::2025-04-01.00:33:11::SCWPlatform:: Unique name xilinx:::0.0
TRACE::2025-04-01.00:33:11::SCWPlatform::Trying to set the existing hwdb with name fpga_hw_wrapper_0
TRACE::2025-04-01.00:33:11::SCWPlatform::Opened existing hwdb fpga_hw_wrapper_0
TRACE::2025-04-01.00:33:11::SCWPlatform::Found the Hw Db part of the input DSA
TRACE::2025-04-01.00:33:11::SCWMssOS::Checking the sw design at  D:/EECE351/Lab/Lab7/workplace/Lab7_sw_wrapper/microblaze_0/standalone_microblaze_0/bsp/system.mss
TRACE::2025-04-01.00:33:11::SCWMssOS::DEBUG:  swdes dump  D:/EECE351/Lab/Lab7/workplace/Lab7_sw_wrapper/microblaze_0/standalone_microblaze_0/bsp/system.mss|system||

TRACE::2025-04-01.00:33:11::SCWMssOS::Sw design exists and opened at  D:/EECE351/Lab/Lab7/workplace/Lab7_sw_wrapper/microblaze_0/standalone_microblaze_0/bsp/system.mss
TRACE::2025-04-01.00:33:11::SCWPlatform::Trying to open the hw design at D:/EECE351/Lab/Lab7/workplace/Lab7_sw_wrapper/hw/Lab7_sw_wrapper.xsa
TRACE::2025-04-01.00:33:11::SCWPlatform::DSA given D:/EECE351/Lab/Lab7/workplace/Lab7_sw_wrapper/hw/Lab7_sw_wrapper.xsa
TRACE::2025-04-01.00:33:11::SCWPlatform::DSA absoulate path D:/EECE351/Lab/Lab7/workplace/Lab7_sw_wrapper/hw/Lab7_sw_wrapper.xsa
TRACE::2025-04-01.00:33:11::SCWPlatform::DSA directory D:/EECE351/Lab/Lab7/workplace/Lab7_sw_wrapper/hw
TRACE::2025-04-01.00:33:11::SCWPlatform:: Platform Path D:/EECE351/Lab/Lab7/workplace/Lab7_sw_wrapper/hw/Lab7_sw_wrapper.xsa
TRACE::2025-04-01.00:33:11::SCWPlatform:: Unique name xilinx:::0.0
TRACE::2025-04-01.00:33:11::SCWPlatform::Trying to set the existing hwdb with name fpga_hw_wrapper_0
TRACE::2025-04-01.00:33:11::SCWPlatform::Opened existing hwdb fpga_hw_wrapper_0
TRACE::2025-04-01.00:33:11::SCWPlatform::Found the Hw Db part of the input DSA
TRACE::2025-04-01.00:33:11::SCWMssOS::Checking the sw design at  D:/EECE351/Lab/Lab7/workplace/Lab7_sw_wrapper/microblaze_0/standalone_microblaze_0/bsp/system.mss
TRACE::2025-04-01.00:33:11::SCWMssOS::DEBUG:  swdes dump  D:/EECE351/Lab/Lab7/workplace/Lab7_sw_wrapper/microblaze_0/standalone_microblaze_0/bsp/system.mss|system||

TRACE::2025-04-01.00:33:11::SCWMssOS::Sw design exists and opened at  D:/EECE351/Lab/Lab7/workplace/Lab7_sw_wrapper/microblaze_0/standalone_microblaze_0/bsp/system.mss
TRACE::2025-04-01.00:33:11::SCWWriter::formatted JSON is {
	"platformName":	"Lab7_sw_wrapper",
	"sprVersion":	"2.0",
	"mode":	"gui",
	"dsaType":	"Fixed",
	"platformDesc":	"Lab7_sw_wrapper",
	"platHandOff":	"D:/EECE351/Lab/Lab7/Lab7_sw_wrapper.xsa",
	"platIntHandOff":	"<platformDir>/hw/Lab7_sw_wrapper.xsa",
	"deviceType":	"FPGA",
	"platIsPrebuiltAutogen":	"false",
	"platIsNoBootBsp":	"false",
	"hasFsblMakeHasChanges":	"false",
	"hasPmufwMakeHasChanges":	"false",
	"platPreBuiltFlag":	false,
	"platformSamplesDir":	"",
	"platActiveSys":	"Lab7_sw_wrapper",
	"systems":	[{
			"systemName":	"Lab7_sw_wrapper",
			"systemDesc":	"Lab7_sw_wrapper",
			"sysIsBootAutoGen":	"true",
			"systemDispName":	"Lab7_sw_wrapper",
			"sysActiveDom":	"standalone_microblaze_0",
			"sysDefaultDom":	"standalone_microblaze_0",
			"domains":	[{
					"domainName":	"standalone_microblaze_0",
					"domainDispName":	"standalone_microblaze_0",
					"domainDesc":	"standalone_microblaze_0",
					"processors":	"microblaze_0",
					"os":	"standalone",
					"sdxOs":	"standalone",
					"debugEnable":	"False",
					"domRuntimes":	["cpp"],
					"swRepo":	"",
					"mssOsVer":	"7.7",
					"mssFile":	"",
					"md5Digest":	"ec198fb4203bf672f4f0119431e43494",
					"compatibleApp":	"hello_world",
					"domType":	"mssDomain",
					"arch":	"32-bit",
					"appSettings":	{
						"appCompilerFlags":	"",
						"appLinkerFlags":	""
					},
					"addedLibs":	[],
					"libOptions":	{
						"libsContainingOptions":	[]
					},
					"prebuiltLibs":	{
						"prebuiltIncPath":	[],
						"prebuiltLibPath":	[]
					},
					"isolation":	{
					}
				}]
		}]
}
KEYINFO::2025-04-01.00:33:11::SCWPlatform::updated the xpfm file.
TRACE::2025-04-01.00:33:12::SCWPlatform::Trying to open the hw design at D:/EECE351/Lab/Lab7/workplace/Lab7_sw_wrapper/hw/Lab7_sw_wrapper.xsa
TRACE::2025-04-01.00:33:12::SCWPlatform::DSA given D:/EECE351/Lab/Lab7/workplace/Lab7_sw_wrapper/hw/Lab7_sw_wrapper.xsa
TRACE::2025-04-01.00:33:12::SCWPlatform::DSA absoulate path D:/EECE351/Lab/Lab7/workplace/Lab7_sw_wrapper/hw/Lab7_sw_wrapper.xsa
TRACE::2025-04-01.00:33:12::SCWPlatform::DSA directory D:/EECE351/Lab/Lab7/workplace/Lab7_sw_wrapper/hw
TRACE::2025-04-01.00:33:12::SCWPlatform:: Platform Path D:/EECE351/Lab/Lab7/workplace/Lab7_sw_wrapper/hw/Lab7_sw_wrapper.xsa
TRACE::2025-04-01.00:33:12::SCWPlatform:: Unique name xilinx:::0.0
TRACE::2025-04-01.00:33:12::SCWPlatform::Trying to set the existing hwdb with name fpga_hw_wrapper_0
TRACE::2025-04-01.00:33:12::SCWPlatform::Opened existing hwdb fpga_hw_wrapper_0
TRACE::2025-04-01.00:33:12::SCWPlatform::Found the Hw Db part of the input DSA
TRACE::2025-04-01.00:33:12::SCWMssOS::Checking the sw design at  D:/EECE351/Lab/Lab7/workplace/Lab7_sw_wrapper/microblaze_0/standalone_microblaze_0/bsp/system.mss
TRACE::2025-04-01.00:33:12::SCWMssOS::DEBUG:  swdes dump  D:/EECE351/Lab/Lab7/workplace/Lab7_sw_wrapper/microblaze_0/standalone_microblaze_0/bsp/system.mss|system||

TRACE::2025-04-01.00:33:12::SCWMssOS::Sw design exists and opened at  D:/EECE351/Lab/Lab7/workplace/Lab7_sw_wrapper/microblaze_0/standalone_microblaze_0/bsp/system.mss
TRACE::2025-04-01.00:33:12::SCWMssOS::Saving the mss changes D:/EECE351/Lab/Lab7/workplace/Lab7_sw_wrapper/microblaze_0/standalone_microblaze_0/bsp/system.mss
TRACE::2025-04-01.00:33:12::SCWMssOS::Found a swdesign opened with the mssfile.
TRACE::2025-04-01.00:33:12::SCWMssOS::Completed writemss as part of save.
TRACE::2025-04-01.00:33:12::SCWMssOS::Commit changes completed.
TRACE::2025-04-01.00:33:12::SCWPlatform::Trying to open the hw design at D:/EECE351/Lab/Lab7/workplace/Lab7_sw_wrapper/hw/Lab7_sw_wrapper.xsa
TRACE::2025-04-01.00:33:12::SCWPlatform::DSA given D:/EECE351/Lab/Lab7/workplace/Lab7_sw_wrapper/hw/Lab7_sw_wrapper.xsa
TRACE::2025-04-01.00:33:12::SCWPlatform::DSA absoulate path D:/EECE351/Lab/Lab7/workplace/Lab7_sw_wrapper/hw/Lab7_sw_wrapper.xsa
TRACE::2025-04-01.00:33:12::SCWPlatform::DSA directory D:/EECE351/Lab/Lab7/workplace/Lab7_sw_wrapper/hw
TRACE::2025-04-01.00:33:12::SCWPlatform:: Platform Path D:/EECE351/Lab/Lab7/workplace/Lab7_sw_wrapper/hw/Lab7_sw_wrapper.xsa
TRACE::2025-04-01.00:33:12::SCWPlatform:: Unique name xilinx:::0.0
TRACE::2025-04-01.00:33:12::SCWPlatform::Trying to set the existing hwdb with name fpga_hw_wrapper_0
TRACE::2025-04-01.00:33:12::SCWPlatform::Opened existing hwdb fpga_hw_wrapper_0
TRACE::2025-04-01.00:33:12::SCWPlatform::Found the Hw Db part of the input DSA
TRACE::2025-04-01.00:33:12::SCWMssOS::Checking the sw design at  D:/EECE351/Lab/Lab7/workplace/Lab7_sw_wrapper/microblaze_0/standalone_microblaze_0/bsp/system.mss
TRACE::2025-04-01.00:33:12::SCWMssOS::DEBUG:  swdes dump  D:/EECE351/Lab/Lab7/workplace/Lab7_sw_wrapper/microblaze_0/standalone_microblaze_0/bsp/system.mss|system||

TRACE::2025-04-01.00:33:12::SCWMssOS::Sw design exists and opened at  D:/EECE351/Lab/Lab7/workplace/Lab7_sw_wrapper/microblaze_0/standalone_microblaze_0/bsp/system.mss
TRACE::2025-04-01.00:33:12::SCWPlatform::Trying to open the hw design at D:/EECE351/Lab/Lab7/workplace/Lab7_sw_wrapper/hw/Lab7_sw_wrapper.xsa
TRACE::2025-04-01.00:33:12::SCWPlatform::DSA given D:/EECE351/Lab/Lab7/workplace/Lab7_sw_wrapper/hw/Lab7_sw_wrapper.xsa
TRACE::2025-04-01.00:33:12::SCWPlatform::DSA absoulate path D:/EECE351/Lab/Lab7/workplace/Lab7_sw_wrapper/hw/Lab7_sw_wrapper.xsa
TRACE::2025-04-01.00:33:12::SCWPlatform::DSA directory D:/EECE351/Lab/Lab7/workplace/Lab7_sw_wrapper/hw
TRACE::2025-04-01.00:33:12::SCWPlatform:: Platform Path D:/EECE351/Lab/Lab7/workplace/Lab7_sw_wrapper/hw/Lab7_sw_wrapper.xsa
TRACE::2025-04-01.00:33:12::SCWPlatform:: Unique name xilinx:::0.0
TRACE::2025-04-01.00:33:12::SCWPlatform::Trying to set the existing hwdb with name fpga_hw_wrapper_0
TRACE::2025-04-01.00:33:12::SCWPlatform::Opened existing hwdb fpga_hw_wrapper_0
TRACE::2025-04-01.00:33:12::SCWPlatform::Found the Hw Db part of the input DSA
TRACE::2025-04-01.00:33:12::SCWMssOS::Checking the sw design at  D:/EECE351/Lab/Lab7/workplace/Lab7_sw_wrapper/microblaze_0/standalone_microblaze_0/bsp/system.mss
TRACE::2025-04-01.00:33:12::SCWMssOS::DEBUG:  swdes dump  D:/EECE351/Lab/Lab7/workplace/Lab7_sw_wrapper/microblaze_0/standalone_microblaze_0/bsp/system.mss|system||

TRACE::2025-04-01.00:33:12::SCWMssOS::Sw design exists and opened at  D:/EECE351/Lab/Lab7/workplace/Lab7_sw_wrapper/microblaze_0/standalone_microblaze_0/bsp/system.mss
TRACE::2025-04-01.00:33:12::SCWPlatform::Trying to open the hw design at D:/EECE351/Lab/Lab7/workplace/Lab7_sw_wrapper/hw/Lab7_sw_wrapper.xsa
TRACE::2025-04-01.00:33:12::SCWPlatform::DSA given D:/EECE351/Lab/Lab7/workplace/Lab7_sw_wrapper/hw/Lab7_sw_wrapper.xsa
TRACE::2025-04-01.00:33:12::SCWPlatform::DSA absoulate path D:/EECE351/Lab/Lab7/workplace/Lab7_sw_wrapper/hw/Lab7_sw_wrapper.xsa
TRACE::2025-04-01.00:33:12::SCWPlatform::DSA directory D:/EECE351/Lab/Lab7/workplace/Lab7_sw_wrapper/hw
TRACE::2025-04-01.00:33:12::SCWPlatform:: Platform Path D:/EECE351/Lab/Lab7/workplace/Lab7_sw_wrapper/hw/Lab7_sw_wrapper.xsa
TRACE::2025-04-01.00:33:12::SCWPlatform:: Unique name xilinx:::0.0
TRACE::2025-04-01.00:33:12::SCWPlatform::Trying to set the existing hwdb with name fpga_hw_wrapper_0
TRACE::2025-04-01.00:33:12::SCWPlatform::Opened existing hwdb fpga_hw_wrapper_0
TRACE::2025-04-01.00:33:12::SCWPlatform::Found the Hw Db part of the input DSA
TRACE::2025-04-01.00:33:12::SCWMssOS::Checking the sw design at  D:/EECE351/Lab/Lab7/workplace/Lab7_sw_wrapper/microblaze_0/standalone_microblaze_0/bsp/system.mss
TRACE::2025-04-01.00:33:12::SCWMssOS::DEBUG:  swdes dump  D:/EECE351/Lab/Lab7/workplace/Lab7_sw_wrapper/microblaze_0/standalone_microblaze_0/bsp/system.mss|system||

TRACE::2025-04-01.00:33:12::SCWMssOS::Sw design exists and opened at  D:/EECE351/Lab/Lab7/workplace/Lab7_sw_wrapper/microblaze_0/standalone_microblaze_0/bsp/system.mss
TRACE::2025-04-01.00:33:12::SCWWriter::formatted JSON is {
	"platformName":	"Lab7_sw_wrapper",
	"sprVersion":	"2.0",
	"mode":	"gui",
	"dsaType":	"Fixed",
	"platformDesc":	"Lab7_sw_wrapper",
	"platHandOff":	"D:/EECE351/Lab/Lab7/Lab7_sw_wrapper.xsa",
	"platIntHandOff":	"<platformDir>/hw/Lab7_sw_wrapper.xsa",
	"deviceType":	"FPGA",
	"platIsPrebuiltAutogen":	"false",
	"platIsNoBootBsp":	"false",
	"hasFsblMakeHasChanges":	"false",
	"hasPmufwMakeHasChanges":	"false",
	"platPreBuiltFlag":	false,
	"platformSamplesDir":	"",
	"platActiveSys":	"Lab7_sw_wrapper",
	"systems":	[{
			"systemName":	"Lab7_sw_wrapper",
			"systemDesc":	"Lab7_sw_wrapper",
			"sysIsBootAutoGen":	"true",
			"systemDispName":	"Lab7_sw_wrapper",
			"sysActiveDom":	"standalone_microblaze_0",
			"sysDefaultDom":	"standalone_microblaze_0",
			"domains":	[{
					"domainName":	"standalone_microblaze_0",
					"domainDispName":	"standalone_microblaze_0",
					"domainDesc":	"standalone_microblaze_0",
					"processors":	"microblaze_0",
					"os":	"standalone",
					"sdxOs":	"standalone",
					"debugEnable":	"False",
					"domRuntimes":	["cpp"],
					"swRepo":	"",
					"mssOsVer":	"7.7",
					"mssFile":	"",
					"md5Digest":	"ec198fb4203bf672f4f0119431e43494",
					"compatibleApp":	"hello_world",
					"domType":	"mssDomain",
					"arch":	"32-bit",
					"appSettings":	{
						"appCompilerFlags":	"",
						"appLinkerFlags":	""
					},
					"addedLibs":	[],
					"libOptions":	{
						"libsContainingOptions":	[]
					},
					"prebuiltLibs":	{
						"prebuiltIncPath":	[],
						"prebuiltLibPath":	[]
					},
					"isolation":	{
					}
				}]
		}]
}
TRACE::2025-04-01.00:33:12::SCWPlatform::Trying to open the hw design at D:/EECE351/Lab/Lab7/workplace/Lab7_sw_wrapper/hw/Lab7_sw_wrapper.xsa
TRACE::2025-04-01.00:33:12::SCWPlatform::DSA given D:/EECE351/Lab/Lab7/workplace/Lab7_sw_wrapper/hw/Lab7_sw_wrapper.xsa
TRACE::2025-04-01.00:33:12::SCWPlatform::DSA absoulate path D:/EECE351/Lab/Lab7/workplace/Lab7_sw_wrapper/hw/Lab7_sw_wrapper.xsa
TRACE::2025-04-01.00:33:12::SCWPlatform::DSA directory D:/EECE351/Lab/Lab7/workplace/Lab7_sw_wrapper/hw
TRACE::2025-04-01.00:33:12::SCWPlatform:: Platform Path D:/EECE351/Lab/Lab7/workplace/Lab7_sw_wrapper/hw/Lab7_sw_wrapper.xsa
TRACE::2025-04-01.00:33:12::SCWPlatform:: Unique name xilinx:::0.0
TRACE::2025-04-01.00:33:12::SCWPlatform::Trying to set the existing hwdb with name fpga_hw_wrapper_0
TRACE::2025-04-01.00:33:12::SCWPlatform::Opened existing hwdb fpga_hw_wrapper_0
TRACE::2025-04-01.00:33:12::SCWPlatform::Found the Hw Db part of the input DSA
TRACE::2025-04-01.00:33:12::SCWMssOS::Checking the sw design at  D:/EECE351/Lab/Lab7/workplace/Lab7_sw_wrapper/microblaze_0/standalone_microblaze_0/bsp/system.mss
TRACE::2025-04-01.00:33:12::SCWMssOS::DEBUG:  swdes dump  D:/EECE351/Lab/Lab7/workplace/Lab7_sw_wrapper/microblaze_0/standalone_microblaze_0/bsp/system.mss|system||

TRACE::2025-04-01.00:33:12::SCWMssOS::Sw design exists and opened at  D:/EECE351/Lab/Lab7/workplace/Lab7_sw_wrapper/microblaze_0/standalone_microblaze_0/bsp/system.mss
TRACE::2025-04-01.00:33:12::SCWPlatform::Trying to open the hw design at D:/EECE351/Lab/Lab7/workplace/Lab7_sw_wrapper/hw/Lab7_sw_wrapper.xsa
TRACE::2025-04-01.00:33:12::SCWPlatform::DSA given D:/EECE351/Lab/Lab7/workplace/Lab7_sw_wrapper/hw/Lab7_sw_wrapper.xsa
TRACE::2025-04-01.00:33:12::SCWPlatform::DSA absoulate path D:/EECE351/Lab/Lab7/workplace/Lab7_sw_wrapper/hw/Lab7_sw_wrapper.xsa
TRACE::2025-04-01.00:33:12::SCWPlatform::DSA directory D:/EECE351/Lab/Lab7/workplace/Lab7_sw_wrapper/hw
TRACE::2025-04-01.00:33:12::SCWPlatform:: Platform Path D:/EECE351/Lab/Lab7/workplace/Lab7_sw_wrapper/hw/Lab7_sw_wrapper.xsa
TRACE::2025-04-01.00:33:12::SCWPlatform:: Unique name xilinx:::0.0
TRACE::2025-04-01.00:33:12::SCWPlatform::Trying to set the existing hwdb with name fpga_hw_wrapper_0
TRACE::2025-04-01.00:33:12::SCWPlatform::Opened existing hwdb fpga_hw_wrapper_0
TRACE::2025-04-01.00:33:12::SCWPlatform::Found the Hw Db part of the input DSA
TRACE::2025-04-01.00:33:12::SCWMssOS::Checking the sw design at  D:/EECE351/Lab/Lab7/workplace/Lab7_sw_wrapper/microblaze_0/standalone_microblaze_0/bsp/system.mss
TRACE::2025-04-01.00:33:12::SCWMssOS::DEBUG:  swdes dump  D:/EECE351/Lab/Lab7/workplace/Lab7_sw_wrapper/microblaze_0/standalone_microblaze_0/bsp/system.mss|system||

TRACE::2025-04-01.00:33:12::SCWMssOS::Sw design exists and opened at  D:/EECE351/Lab/Lab7/workplace/Lab7_sw_wrapper/microblaze_0/standalone_microblaze_0/bsp/system.mss
TRACE::2025-04-01.00:33:12::SCWMssOS::Saving the mss changes D:/EECE351/Lab/Lab7/workplace/Lab7_sw_wrapper/microblaze_0/standalone_microblaze_0/bsp/system.mss
TRACE::2025-04-01.00:33:12::SCWMssOS::Found a swdesign opened with the mssfile.
TRACE::2025-04-01.00:33:12::SCWMssOS::Completed writemss as part of save.
TRACE::2025-04-01.00:33:12::SCWMssOS::Commit changes completed.
TRACE::2025-04-01.00:33:12::SCWPlatform::Trying to open the hw design at D:/EECE351/Lab/Lab7/workplace/Lab7_sw_wrapper/hw/Lab7_sw_wrapper.xsa
TRACE::2025-04-01.00:33:12::SCWPlatform::DSA given D:/EECE351/Lab/Lab7/workplace/Lab7_sw_wrapper/hw/Lab7_sw_wrapper.xsa
TRACE::2025-04-01.00:33:12::SCWPlatform::DSA absoulate path D:/EECE351/Lab/Lab7/workplace/Lab7_sw_wrapper/hw/Lab7_sw_wrapper.xsa
TRACE::2025-04-01.00:33:12::SCWPlatform::DSA directory D:/EECE351/Lab/Lab7/workplace/Lab7_sw_wrapper/hw
TRACE::2025-04-01.00:33:12::SCWPlatform:: Platform Path D:/EECE351/Lab/Lab7/workplace/Lab7_sw_wrapper/hw/Lab7_sw_wrapper.xsa
TRACE::2025-04-01.00:33:12::SCWPlatform:: Unique name xilinx:::0.0
TRACE::2025-04-01.00:33:12::SCWPlatform::Trying to set the existing hwdb with name fpga_hw_wrapper_0
TRACE::2025-04-01.00:33:12::SCWPlatform::Opened existing hwdb fpga_hw_wrapper_0
TRACE::2025-04-01.00:33:12::SCWPlatform::Found the Hw Db part of the input DSA
TRACE::2025-04-01.00:33:12::SCWMssOS::Checking the sw design at  D:/EECE351/Lab/Lab7/workplace/Lab7_sw_wrapper/microblaze_0/standalone_microblaze_0/bsp/system.mss
TRACE::2025-04-01.00:33:12::SCWMssOS::DEBUG:  swdes dump  D:/EECE351/Lab/Lab7/workplace/Lab7_sw_wrapper/microblaze_0/standalone_microblaze_0/bsp/system.mss|system||

TRACE::2025-04-01.00:33:12::SCWMssOS::Sw design exists and opened at  D:/EECE351/Lab/Lab7/workplace/Lab7_sw_wrapper/microblaze_0/standalone_microblaze_0/bsp/system.mss
TRACE::2025-04-01.00:33:12::SCWPlatform::Trying to open the hw design at D:/EECE351/Lab/Lab7/workplace/Lab7_sw_wrapper/hw/Lab7_sw_wrapper.xsa
TRACE::2025-04-01.00:33:12::SCWPlatform::DSA given D:/EECE351/Lab/Lab7/workplace/Lab7_sw_wrapper/hw/Lab7_sw_wrapper.xsa
TRACE::2025-04-01.00:33:12::SCWPlatform::DSA absoulate path D:/EECE351/Lab/Lab7/workplace/Lab7_sw_wrapper/hw/Lab7_sw_wrapper.xsa
TRACE::2025-04-01.00:33:12::SCWPlatform::DSA directory D:/EECE351/Lab/Lab7/workplace/Lab7_sw_wrapper/hw
TRACE::2025-04-01.00:33:12::SCWPlatform:: Platform Path D:/EECE351/Lab/Lab7/workplace/Lab7_sw_wrapper/hw/Lab7_sw_wrapper.xsa
TRACE::2025-04-01.00:33:12::SCWPlatform:: Unique name xilinx:::0.0
TRACE::2025-04-01.00:33:12::SCWPlatform::Trying to set the existing hwdb with name fpga_hw_wrapper_0
TRACE::2025-04-01.00:33:12::SCWPlatform::Opened existing hwdb fpga_hw_wrapper_0
TRACE::2025-04-01.00:33:12::SCWPlatform::Found the Hw Db part of the input DSA
TRACE::2025-04-01.00:33:12::SCWMssOS::Checking the sw design at  D:/EECE351/Lab/Lab7/workplace/Lab7_sw_wrapper/microblaze_0/standalone_microblaze_0/bsp/system.mss
TRACE::2025-04-01.00:33:12::SCWMssOS::DEBUG:  swdes dump  D:/EECE351/Lab/Lab7/workplace/Lab7_sw_wrapper/microblaze_0/standalone_microblaze_0/bsp/system.mss|system||

TRACE::2025-04-01.00:33:12::SCWMssOS::Sw design exists and opened at  D:/EECE351/Lab/Lab7/workplace/Lab7_sw_wrapper/microblaze_0/standalone_microblaze_0/bsp/system.mss
TRACE::2025-04-01.00:33:12::SCWPlatform::Trying to open the hw design at D:/EECE351/Lab/Lab7/workplace/Lab7_sw_wrapper/hw/Lab7_sw_wrapper.xsa
TRACE::2025-04-01.00:33:12::SCWPlatform::DSA given D:/EECE351/Lab/Lab7/workplace/Lab7_sw_wrapper/hw/Lab7_sw_wrapper.xsa
TRACE::2025-04-01.00:33:12::SCWPlatform::DSA absoulate path D:/EECE351/Lab/Lab7/workplace/Lab7_sw_wrapper/hw/Lab7_sw_wrapper.xsa
TRACE::2025-04-01.00:33:12::SCWPlatform::DSA directory D:/EECE351/Lab/Lab7/workplace/Lab7_sw_wrapper/hw
TRACE::2025-04-01.00:33:12::SCWPlatform:: Platform Path D:/EECE351/Lab/Lab7/workplace/Lab7_sw_wrapper/hw/Lab7_sw_wrapper.xsa
TRACE::2025-04-01.00:33:12::SCWPlatform:: Unique name xilinx:::0.0
TRACE::2025-04-01.00:33:12::SCWPlatform::Trying to set the existing hwdb with name fpga_hw_wrapper_0
TRACE::2025-04-01.00:33:12::SCWPlatform::Opened existing hwdb fpga_hw_wrapper_0
TRACE::2025-04-01.00:33:12::SCWPlatform::Found the Hw Db part of the input DSA
TRACE::2025-04-01.00:33:12::SCWMssOS::Checking the sw design at  D:/EECE351/Lab/Lab7/workplace/Lab7_sw_wrapper/microblaze_0/standalone_microblaze_0/bsp/system.mss
TRACE::2025-04-01.00:33:12::SCWMssOS::DEBUG:  swdes dump  D:/EECE351/Lab/Lab7/workplace/Lab7_sw_wrapper/microblaze_0/standalone_microblaze_0/bsp/system.mss|system||

TRACE::2025-04-01.00:33:12::SCWMssOS::Sw design exists and opened at  D:/EECE351/Lab/Lab7/workplace/Lab7_sw_wrapper/microblaze_0/standalone_microblaze_0/bsp/system.mss
TRACE::2025-04-01.00:33:12::SCWWriter::formatted JSON is {
	"platformName":	"Lab7_sw_wrapper",
	"sprVersion":	"2.0",
	"mode":	"gui",
	"dsaType":	"Fixed",
	"platformDesc":	"Lab7_sw_wrapper",
	"platHandOff":	"D:/EECE351/Lab/Lab7/Lab7_sw_wrapper.xsa",
	"platIntHandOff":	"<platformDir>/hw/Lab7_sw_wrapper.xsa",
	"deviceType":	"FPGA",
	"platIsPrebuiltAutogen":	"false",
	"platIsNoBootBsp":	"false",
	"hasFsblMakeHasChanges":	"false",
	"hasPmufwMakeHasChanges":	"false",
	"platPreBuiltFlag":	false,
	"platformSamplesDir":	"",
	"platActiveSys":	"Lab7_sw_wrapper",
	"systems":	[{
			"systemName":	"Lab7_sw_wrapper",
			"systemDesc":	"Lab7_sw_wrapper",
			"sysIsBootAutoGen":	"true",
			"systemDispName":	"Lab7_sw_wrapper",
			"sysActiveDom":	"standalone_microblaze_0",
			"sysDefaultDom":	"standalone_microblaze_0",
			"domains":	[{
					"domainName":	"standalone_microblaze_0",
					"domainDispName":	"standalone_microblaze_0",
					"domainDesc":	"standalone_microblaze_0",
					"processors":	"microblaze_0",
					"os":	"standalone",
					"sdxOs":	"standalone",
					"debugEnable":	"False",
					"domRuntimes":	["cpp"],
					"swRepo":	"",
					"mssOsVer":	"7.7",
					"mssFile":	"",
					"md5Digest":	"ec198fb4203bf672f4f0119431e43494",
					"compatibleApp":	"hello_world",
					"domType":	"mssDomain",
					"arch":	"32-bit",
					"appSettings":	{
						"appCompilerFlags":	"",
						"appLinkerFlags":	""
					},
					"addedLibs":	[],
					"libOptions":	{
						"libsContainingOptions":	[]
					},
					"prebuiltLibs":	{
						"prebuiltIncPath":	[],
						"prebuiltLibPath":	[]
					},
					"isolation":	{
					}
				}]
		}]
}
LOG::2025-04-01.00:33:12::SCWPlatform::Started generating the artifacts platform Lab7_sw_wrapper
TRACE::2025-04-01.00:33:12::SCWPlatform::Sanity checking of platform is completed
LOG::2025-04-01.00:33:12::SCWPlatform::Started generating the artifacts for system configuration Lab7_sw_wrapper
LOG::2025-04-01.00:33:12::SCWSystem::Started Processing the domain standalone_microblaze_0
TRACE::2025-04-01.00:33:12::SCWDomain::Generating domain artifcats
TRACE::2025-04-01.00:33:12::SCWMssOS::Generating standalone artifcats
TRACE::2025-04-01.00:33:12::SCWMssOS:: Copying the user libraries. 
TRACE::2025-04-01.00:33:12::SCWPlatform::Trying to open the hw design at D:/EECE351/Lab/Lab7/workplace/Lab7_sw_wrapper/hw/Lab7_sw_wrapper.xsa
TRACE::2025-04-01.00:33:12::SCWPlatform::DSA given D:/EECE351/Lab/Lab7/workplace/Lab7_sw_wrapper/hw/Lab7_sw_wrapper.xsa
TRACE::2025-04-01.00:33:12::SCWPlatform::DSA absoulate path D:/EECE351/Lab/Lab7/workplace/Lab7_sw_wrapper/hw/Lab7_sw_wrapper.xsa
TRACE::2025-04-01.00:33:12::SCWPlatform::DSA directory D:/EECE351/Lab/Lab7/workplace/Lab7_sw_wrapper/hw
TRACE::2025-04-01.00:33:12::SCWPlatform:: Platform Path D:/EECE351/Lab/Lab7/workplace/Lab7_sw_wrapper/hw/Lab7_sw_wrapper.xsa
TRACE::2025-04-01.00:33:12::SCWPlatform:: Unique name xilinx:::0.0
TRACE::2025-04-01.00:33:12::SCWPlatform::Trying to set the existing hwdb with name fpga_hw_wrapper_0
TRACE::2025-04-01.00:33:12::SCWPlatform::Opened existing hwdb fpga_hw_wrapper_0
TRACE::2025-04-01.00:33:12::SCWPlatform::Found the Hw Db part of the input DSA
TRACE::2025-04-01.00:33:12::SCWMssOS::Checking the sw design at  D:/EECE351/Lab/Lab7/workplace/Lab7_sw_wrapper/microblaze_0/standalone_microblaze_0/bsp/system.mss
TRACE::2025-04-01.00:33:12::SCWMssOS::DEBUG:  swdes dump  D:/EECE351/Lab/Lab7/workplace/Lab7_sw_wrapper/microblaze_0/standalone_microblaze_0/bsp/system.mss|system||

TRACE::2025-04-01.00:33:12::SCWMssOS::Sw design exists and opened at  D:/EECE351/Lab/Lab7/workplace/Lab7_sw_wrapper/microblaze_0/standalone_microblaze_0/bsp/system.mss
TRACE::2025-04-01.00:33:12::SCWMssOS::Completed writing the mss file at D:/EECE351/Lab/Lab7/workplace/Lab7_sw_wrapper/microblaze_0/standalone_microblaze_0/bsp
TRACE::2025-04-01.00:33:12::SCWMssOS::Mss edits present, copying mssfile into export location D:/EECE351/Lab/Lab7/workplace/Lab7_sw_wrapper/microblaze_0/standalone_microblaze_0/bsp/system.mss
TRACE::2025-04-01.00:33:12::SCWMssOS::bsp generated is upto date with the mss file. Skipping bsp generation.
TRACE::2025-04-01.00:33:12::SCWMssOS::BSP is already built. skipping the bsp build ... 
TRACE::2025-04-01.00:33:12::SCWDomain::Building the domain as part of full build :  standalone_microblaze_0
TRACE::2025-04-01.00:33:12::SCWMssOS::skipping the bsp build ... 
TRACE::2025-04-01.00:33:12::SCWMssOS::Copying to export directory.
TRACE::2025-04-01.00:33:12::SCWMssOS:: Checking if to create the Supporting Applications
TRACE::2025-04-01.00:33:12::SCWMssOS:: No Linux domain exists, trying to generate FSBL 
LOG::2025-04-01.00:33:12::SCWSystem::Completed Processing the domain standalone_microblaze_0
LOG::2025-04-01.00:33:12::SCWSystem::Completed Processing the sysconfig Lab7_sw_wrapper
LOG::2025-04-01.00:33:12::SCWPlatform::Completed generating the artifacts for system configuration Lab7_sw_wrapper
TRACE::2025-04-01.00:33:12::SCWPlatform::Started preparing the platform 
TRACE::2025-04-01.00:33:12::SCWSystem::Writing the bif file for system config Lab7_sw_wrapper
TRACE::2025-04-01.00:33:12::SCWSystem::dir created 
TRACE::2025-04-01.00:33:12::SCWSystem::Writing the bif 
TRACE::2025-04-01.00:33:12::SCWPlatform::Started writing the spfm file 
TRACE::2025-04-01.00:33:12::SCWPlatform::Started writing the xpfm file 
TRACE::2025-04-01.00:33:12::SCWPlatform::Completed generating the platform
TRACE::2025-04-01.00:33:12::SCWMssOS::Saving the mss changes D:/EECE351/Lab/Lab7/workplace/Lab7_sw_wrapper/microblaze_0/standalone_microblaze_0/bsp/system.mss
TRACE::2025-04-01.00:33:12::SCWMssOS::Found a swdesign opened with the mssfile.
TRACE::2025-04-01.00:33:12::SCWMssOS::Completed writemss as part of save.
TRACE::2025-04-01.00:33:12::SCWMssOS::Commit changes completed.
TRACE::2025-04-01.00:33:12::SCWPlatform::Trying to open the hw design at D:/EECE351/Lab/Lab7/workplace/Lab7_sw_wrapper/hw/Lab7_sw_wrapper.xsa
TRACE::2025-04-01.00:33:12::SCWPlatform::DSA given D:/EECE351/Lab/Lab7/workplace/Lab7_sw_wrapper/hw/Lab7_sw_wrapper.xsa
TRACE::2025-04-01.00:33:12::SCWPlatform::DSA absoulate path D:/EECE351/Lab/Lab7/workplace/Lab7_sw_wrapper/hw/Lab7_sw_wrapper.xsa
TRACE::2025-04-01.00:33:12::SCWPlatform::DSA directory D:/EECE351/Lab/Lab7/workplace/Lab7_sw_wrapper/hw
TRACE::2025-04-01.00:33:12::SCWPlatform:: Platform Path D:/EECE351/Lab/Lab7/workplace/Lab7_sw_wrapper/hw/Lab7_sw_wrapper.xsa
TRACE::2025-04-01.00:33:12::SCWPlatform:: Unique name xilinx:::0.0
TRACE::2025-04-01.00:33:12::SCWPlatform::Trying to set the existing hwdb with name fpga_hw_wrapper_0
TRACE::2025-04-01.00:33:12::SCWPlatform::Opened existing hwdb fpga_hw_wrapper_0
TRACE::2025-04-01.00:33:12::SCWPlatform::Found the Hw Db part of the input DSA
TRACE::2025-04-01.00:33:12::SCWMssOS::Checking the sw design at  D:/EECE351/Lab/Lab7/workplace/Lab7_sw_wrapper/microblaze_0/standalone_microblaze_0/bsp/system.mss
TRACE::2025-04-01.00:33:12::SCWMssOS::DEBUG:  swdes dump  D:/EECE351/Lab/Lab7/workplace/Lab7_sw_wrapper/microblaze_0/standalone_microblaze_0/bsp/system.mss|system||

TRACE::2025-04-01.00:33:12::SCWMssOS::Sw design exists and opened at  D:/EECE351/Lab/Lab7/workplace/Lab7_sw_wrapper/microblaze_0/standalone_microblaze_0/bsp/system.mss
TRACE::2025-04-01.00:33:12::SCWPlatform::Trying to open the hw design at D:/EECE351/Lab/Lab7/workplace/Lab7_sw_wrapper/hw/Lab7_sw_wrapper.xsa
TRACE::2025-04-01.00:33:12::SCWPlatform::DSA given D:/EECE351/Lab/Lab7/workplace/Lab7_sw_wrapper/hw/Lab7_sw_wrapper.xsa
TRACE::2025-04-01.00:33:12::SCWPlatform::DSA absoulate path D:/EECE351/Lab/Lab7/workplace/Lab7_sw_wrapper/hw/Lab7_sw_wrapper.xsa
TRACE::2025-04-01.00:33:12::SCWPlatform::DSA directory D:/EECE351/Lab/Lab7/workplace/Lab7_sw_wrapper/hw
TRACE::2025-04-01.00:33:12::SCWPlatform:: Platform Path D:/EECE351/Lab/Lab7/workplace/Lab7_sw_wrapper/hw/Lab7_sw_wrapper.xsa
TRACE::2025-04-01.00:33:12::SCWPlatform:: Unique name xilinx:::0.0
TRACE::2025-04-01.00:33:12::SCWPlatform::Trying to set the existing hwdb with name fpga_hw_wrapper_0
TRACE::2025-04-01.00:33:12::SCWPlatform::Opened existing hwdb fpga_hw_wrapper_0
TRACE::2025-04-01.00:33:12::SCWPlatform::Found the Hw Db part of the input DSA
TRACE::2025-04-01.00:33:12::SCWMssOS::Checking the sw design at  D:/EECE351/Lab/Lab7/workplace/Lab7_sw_wrapper/microblaze_0/standalone_microblaze_0/bsp/system.mss
TRACE::2025-04-01.00:33:12::SCWMssOS::DEBUG:  swdes dump  D:/EECE351/Lab/Lab7/workplace/Lab7_sw_wrapper/microblaze_0/standalone_microblaze_0/bsp/system.mss|system||

TRACE::2025-04-01.00:33:12::SCWMssOS::Sw design exists and opened at  D:/EECE351/Lab/Lab7/workplace/Lab7_sw_wrapper/microblaze_0/standalone_microblaze_0/bsp/system.mss
TRACE::2025-04-01.00:33:12::SCWPlatform::Trying to open the hw design at D:/EECE351/Lab/Lab7/workplace/Lab7_sw_wrapper/hw/Lab7_sw_wrapper.xsa
TRACE::2025-04-01.00:33:12::SCWPlatform::DSA given D:/EECE351/Lab/Lab7/workplace/Lab7_sw_wrapper/hw/Lab7_sw_wrapper.xsa
TRACE::2025-04-01.00:33:12::SCWPlatform::DSA absoulate path D:/EECE351/Lab/Lab7/workplace/Lab7_sw_wrapper/hw/Lab7_sw_wrapper.xsa
TRACE::2025-04-01.00:33:12::SCWPlatform::DSA directory D:/EECE351/Lab/Lab7/workplace/Lab7_sw_wrapper/hw
TRACE::2025-04-01.00:33:12::SCWPlatform:: Platform Path D:/EECE351/Lab/Lab7/workplace/Lab7_sw_wrapper/hw/Lab7_sw_wrapper.xsa
TRACE::2025-04-01.00:33:12::SCWPlatform:: Unique name xilinx:::0.0
TRACE::2025-04-01.00:33:12::SCWPlatform::Trying to set the existing hwdb with name fpga_hw_wrapper_0
TRACE::2025-04-01.00:33:12::SCWPlatform::Opened existing hwdb fpga_hw_wrapper_0
TRACE::2025-04-01.00:33:12::SCWPlatform::Found the Hw Db part of the input DSA
TRACE::2025-04-01.00:33:12::SCWMssOS::Checking the sw design at  D:/EECE351/Lab/Lab7/workplace/Lab7_sw_wrapper/microblaze_0/standalone_microblaze_0/bsp/system.mss
TRACE::2025-04-01.00:33:12::SCWMssOS::DEBUG:  swdes dump  D:/EECE351/Lab/Lab7/workplace/Lab7_sw_wrapper/microblaze_0/standalone_microblaze_0/bsp/system.mss|system||

TRACE::2025-04-01.00:33:12::SCWMssOS::Sw design exists and opened at  D:/EECE351/Lab/Lab7/workplace/Lab7_sw_wrapper/microblaze_0/standalone_microblaze_0/bsp/system.mss
TRACE::2025-04-01.00:33:12::SCWWriter::formatted JSON is {
	"platformName":	"Lab7_sw_wrapper",
	"sprVersion":	"2.0",
	"mode":	"gui",
	"dsaType":	"Fixed",
	"platformDesc":	"Lab7_sw_wrapper",
	"platHandOff":	"D:/EECE351/Lab/Lab7/Lab7_sw_wrapper.xsa",
	"platIntHandOff":	"<platformDir>/hw/Lab7_sw_wrapper.xsa",
	"deviceType":	"FPGA",
	"platIsPrebuiltAutogen":	"false",
	"platIsNoBootBsp":	"false",
	"hasFsblMakeHasChanges":	"false",
	"hasPmufwMakeHasChanges":	"false",
	"platPreBuiltFlag":	false,
	"platformSamplesDir":	"",
	"platActiveSys":	"Lab7_sw_wrapper",
	"systems":	[{
			"systemName":	"Lab7_sw_wrapper",
			"systemDesc":	"Lab7_sw_wrapper",
			"sysIsBootAutoGen":	"true",
			"systemDispName":	"Lab7_sw_wrapper",
			"sysActiveDom":	"standalone_microblaze_0",
			"sysDefaultDom":	"standalone_microblaze_0",
			"domains":	[{
					"domainName":	"standalone_microblaze_0",
					"domainDispName":	"standalone_microblaze_0",
					"domainDesc":	"standalone_microblaze_0",
					"processors":	"microblaze_0",
					"os":	"standalone",
					"sdxOs":	"standalone",
					"debugEnable":	"False",
					"domRuntimes":	["cpp"],
					"swRepo":	"",
					"mssOsVer":	"7.7",
					"mssFile":	"",
					"md5Digest":	"ec198fb4203bf672f4f0119431e43494",
					"compatibleApp":	"hello_world",
					"domType":	"mssDomain",
					"arch":	"32-bit",
					"appSettings":	{
						"appCompilerFlags":	"",
						"appLinkerFlags":	""
					},
					"addedLibs":	[],
					"libOptions":	{
						"libsContainingOptions":	[]
					},
					"prebuiltLibs":	{
						"prebuiltIncPath":	[],
						"prebuiltLibPath":	[]
					},
					"isolation":	{
					}
				}]
		}]
}
KEYINFO::2025-04-01.00:33:12::SCWPlatform::updated the xpfm file.
LOG::2025-04-01.00:36:10::SCWPlatform::Started generating the artifacts platform Lab7_sw_wrapper
TRACE::2025-04-01.00:36:10::SCWPlatform::Sanity checking of platform is completed
LOG::2025-04-01.00:36:10::SCWPlatform::Started generating the artifacts for system configuration Lab7_sw_wrapper
LOG::2025-04-01.00:36:10::SCWSystem::Checking the domain standalone_microblaze_0
LOG::2025-04-01.00:36:10::SCWSystem::Not a boot domain 
LOG::2025-04-01.00:36:10::SCWSystem::Started Processing the domain standalone_microblaze_0
TRACE::2025-04-01.00:36:10::SCWDomain::Generating domain artifcats
TRACE::2025-04-01.00:36:10::SCWMssOS::Generating standalone artifcats
TRACE::2025-04-01.00:36:10::SCWMssOS:: Copying the user libraries. 
TRACE::2025-04-01.00:36:10::SCWPlatform::Trying to open the hw design at D:/EECE351/Lab/Lab7/workplace/Lab7_sw_wrapper/hw/Lab7_sw_wrapper.xsa
TRACE::2025-04-01.00:36:10::SCWPlatform::DSA given D:/EECE351/Lab/Lab7/workplace/Lab7_sw_wrapper/hw/Lab7_sw_wrapper.xsa
TRACE::2025-04-01.00:36:10::SCWPlatform::DSA absoulate path D:/EECE351/Lab/Lab7/workplace/Lab7_sw_wrapper/hw/Lab7_sw_wrapper.xsa
TRACE::2025-04-01.00:36:10::SCWPlatform::DSA directory D:/EECE351/Lab/Lab7/workplace/Lab7_sw_wrapper/hw
TRACE::2025-04-01.00:36:10::SCWPlatform:: Platform Path D:/EECE351/Lab/Lab7/workplace/Lab7_sw_wrapper/hw/Lab7_sw_wrapper.xsa
TRACE::2025-04-01.00:36:10::SCWPlatform:: Unique name xilinx:::0.0
TRACE::2025-04-01.00:36:10::SCWPlatform::Trying to set the existing hwdb with name fpga_hw_wrapper_0
TRACE::2025-04-01.00:36:10::SCWPlatform::Opened existing hwdb fpga_hw_wrapper_0
TRACE::2025-04-01.00:36:10::SCWPlatform::Found the Hw Db part of the input DSA
TRACE::2025-04-01.00:36:10::SCWMssOS::Checking the sw design at  D:/EECE351/Lab/Lab7/workplace/Lab7_sw_wrapper/microblaze_0/standalone_microblaze_0/bsp/system.mss
TRACE::2025-04-01.00:36:10::SCWMssOS::DEBUG:  swdes dump  D:/EECE351/Lab/Lab7/workplace/Lab7_sw_wrapper/microblaze_0/standalone_microblaze_0/bsp/system.mss|system||

TRACE::2025-04-01.00:36:10::SCWMssOS::Sw design exists and opened at  D:/EECE351/Lab/Lab7/workplace/Lab7_sw_wrapper/microblaze_0/standalone_microblaze_0/bsp/system.mss
TRACE::2025-04-01.00:36:10::SCWMssOS::Completed writing the mss file at D:/EECE351/Lab/Lab7/workplace/Lab7_sw_wrapper/microblaze_0/standalone_microblaze_0/bsp
TRACE::2025-04-01.00:36:10::SCWMssOS::Mss edits present, copying mssfile into export location D:/EECE351/Lab/Lab7/workplace/Lab7_sw_wrapper/microblaze_0/standalone_microblaze_0/bsp/system.mss
TRACE::2025-04-01.00:36:10::SCWMssOS::bsp generated is upto date with the mss file. Skipping bsp generation.
TRACE::2025-04-01.00:36:10::SCWMssOS::BSP is already built. skipping the bsp build ... 
TRACE::2025-04-01.00:36:10::SCWDomain::Building the domain as part of full build :  standalone_microblaze_0
TRACE::2025-04-01.00:36:10::SCWMssOS::doing bsp build ... 
TRACE::2025-04-01.00:36:10::SCWMssOS::System Command Ran  D: & cd  D:/EECE351/Lab/Lab7/workplace/Lab7_sw_wrapper/microblaze_0/standalone_microblaze_0/bsp & make 
TRACE::2025-04-01.00:36:10::SCWMssOS::make --no-print-directory seq_libs

TRACE::2025-04-01.00:36:11::SCWMssOS::"Running Make include in microblaze_0/libsrc/alarm_timer_v1_0/src"

TRACE::2025-04-01.00:36:11::SCWMssOS::make -C microblaze_0/libsrc/alarm_timer_v1_0/src -s include  "SHELL=CMD" "COMPILER=mb-gcc" "ASSEMBLER=mb-as" "ARCHIVER=mb-ar" "
TRACE::2025-04-01.00:36:11::SCWMssOS::COMPILER_FLAGS=  -O2 -c -mcpu=v11.0 -mlittle-endian -mxl-soft-mul" "EXTRA_COMPILER_FLAGS=-g -ffunction-sections -fdata-sections
TRACE::2025-04-01.00:36:11::SCWMssOS:: -Wall -Wextra -fno-tree-loop-distribute-patterns"

TRACE::2025-04-01.00:36:11::SCWMssOS::"Running Make include in microblaze_0/libsrc/bram_v4_7/src"

TRACE::2025-04-01.00:36:11::SCWMssOS::make -C microblaze_0/libsrc/bram_v4_7/src -s include  "SHELL=CMD" "COMPILER=mb-gcc" "ASSEMBLER=mb-as" "ARCHIVER=mb-ar" "COMPILE
TRACE::2025-04-01.00:36:11::SCWMssOS::R_FLAGS=  -O2 -c -mcpu=v11.0 -mlittle-endian -mxl-soft-mul" "EXTRA_COMPILER_FLAGS=-g -ffunction-sections -fdata-sections -Wall 
TRACE::2025-04-01.00:36:11::SCWMssOS::-Wextra -fno-tree-loop-distribute-patterns"

TRACE::2025-04-01.00:36:11::SCWMssOS::"Running Make include in microblaze_0/libsrc/cpu_v2_15/src"

TRACE::2025-04-01.00:36:11::SCWMssOS::make -C microblaze_0/libsrc/cpu_v2_15/src -s include  "SHELL=CMD" "COMPILER=mb-gcc" "ASSEMBLER=mb-as" "ARCHIVER=mb-ar" "COMPILE
TRACE::2025-04-01.00:36:11::SCWMssOS::R_FLAGS=  -O2 -c -mcpu=v11.0 -mlittle-endian -mxl-soft-mul" "EXTRA_COMPILER_FLAGS=-g -ffunction-sections -fdata-sections -Wall 
TRACE::2025-04-01.00:36:11::SCWMssOS::-Wextra -fno-tree-loop-distribute-patterns"

TRACE::2025-04-01.00:36:11::SCWMssOS::"Running Make include in microblaze_0/libsrc/gpio_v4_9/src"

TRACE::2025-04-01.00:36:11::SCWMssOS::make -C microblaze_0/libsrc/gpio_v4_9/src -s include  "SHELL=CMD" "COMPILER=mb-gcc" "ASSEMBLER=mb-as" "ARCHIVER=mb-ar" "COMPILE
TRACE::2025-04-01.00:36:11::SCWMssOS::R_FLAGS=  -O2 -c -mcpu=v11.0 -mlittle-endian -mxl-soft-mul" "EXTRA_COMPILER_FLAGS=-g -ffunction-sections -fdata-sections -Wall 
TRACE::2025-04-01.00:36:11::SCWMssOS::-Wextra -fno-tree-loop-distribute-patterns"

TRACE::2025-04-01.00:36:11::SCWMssOS::"Running Make include in microblaze_0/libsrc/pmod_encoder_v1_0/src"

TRACE::2025-04-01.00:36:11::SCWMssOS::make -C microblaze_0/libsrc/pmod_encoder_v1_0/src -s include  "SHELL=CMD" "COMPILER=mb-gcc" "ASSEMBLER=mb-as" "ARCHIVER=mb-ar" 
TRACE::2025-04-01.00:36:11::SCWMssOS::"COMPILER_FLAGS=  -O2 -c -mcpu=v11.0 -mlittle-endian -mxl-soft-mul" "EXTRA_COMPILER_FLAGS=-g -ffunction-sections -fdata-section
TRACE::2025-04-01.00:36:11::SCWMssOS::s -Wall -Wextra -fno-tree-loop-distribute-patterns"

TRACE::2025-04-01.00:36:11::SCWMssOS::"Running Make include in microblaze_0/libsrc/standalone_v7_7/src"

TRACE::2025-04-01.00:36:11::SCWMssOS::make -C microblaze_0/libsrc/standalone_v7_7/src -s include  "SHELL=CMD" "COMPILER=mb-gcc" "ASSEMBLER=mb-as" "ARCHIVER=mb-ar" "C
TRACE::2025-04-01.00:36:11::SCWMssOS::OMPILER_FLAGS=  -O2 -c -mcpu=v11.0 -mlittle-endian -mxl-soft-mul" "EXTRA_COMPILER_FLAGS=-g -ffunction-sections -fdata-sections 
TRACE::2025-04-01.00:36:11::SCWMssOS::-Wall -Wextra -fno-tree-loop-distribute-patterns"

TRACE::2025-04-01.00:36:12::SCWMssOS::"Running Make include in microblaze_0/libsrc/sysmon_v7_7/src"

TRACE::2025-04-01.00:36:12::SCWMssOS::make -C microblaze_0/libsrc/sysmon_v7_7/src -s include  "SHELL=CMD" "COMPILER=mb-gcc" "ASSEMBLER=mb-as" "ARCHIVER=mb-ar" "COMPI
TRACE::2025-04-01.00:36:12::SCWMssOS::LER_FLAGS=  -O2 -c -mcpu=v11.0 -mlittle-endian -mxl-soft-mul" "EXTRA_COMPILER_FLAGS=-g -ffunction-sections -fdata-sections -Wal
TRACE::2025-04-01.00:36:12::SCWMssOS::l -Wextra -fno-tree-loop-distribute-patterns"

TRACE::2025-04-01.00:36:12::SCWMssOS::"Running Make include in microblaze_0/libsrc/uartlite_v3_7/src"

TRACE::2025-04-01.00:36:12::SCWMssOS::make -C microblaze_0/libsrc/uartlite_v3_7/src -s include  "SHELL=CMD" "COMPILER=mb-gcc" "ASSEMBLER=mb-as" "ARCHIVER=mb-ar" "COM
TRACE::2025-04-01.00:36:12::SCWMssOS::PILER_FLAGS=  -O2 -c -mcpu=v11.0 -mlittle-endian -mxl-soft-mul" "EXTRA_COMPILER_FLAGS=-g -ffunction-sections -fdata-sections -W
TRACE::2025-04-01.00:36:12::SCWMssOS::all -Wextra -fno-tree-loop-distribute-patterns"

TRACE::2025-04-01.00:36:12::SCWMssOS::"Running Make libs in microblaze_0/libsrc/alarm_timer_v1_0/src"

TRACE::2025-04-01.00:36:12::SCWMssOS::make -C microblaze_0/libsrc/alarm_timer_v1_0/src -s libs  "SHELL=CMD" "COMPILER=mb-gcc" "ASSEMBLER=mb-as" "ARCHIVER=mb-ar" "COM
TRACE::2025-04-01.00:36:12::SCWMssOS::PILER_FLAGS=  -O2 -c -mcpu=v11.0 -mlittle-endian -mxl-soft-mul" "EXTRA_COMPILER_FLAGS=-g -ffunction-sections -fdata-sections -W
TRACE::2025-04-01.00:36:12::SCWMssOS::all -Wextra -fno-tree-loop-distribute-patterns"

TRACE::2025-04-01.00:36:12::SCWMssOS::"Compiling alarm_timer..."

TRACE::2025-04-01.00:36:13::SCWMssOS::"Running Make libs in microblaze_0/libsrc/pmod_encoder_v1_0/src"

TRACE::2025-04-01.00:36:13::SCWMssOS::make -C microblaze_0/libsrc/pmod_encoder_v1_0/src -s libs  "SHELL=CMD" "COMPILER=mb-gcc" "ASSEMBLER=mb-as" "ARCHIVER=mb-ar" "CO
TRACE::2025-04-01.00:36:13::SCWMssOS::MPILER_FLAGS=  -O2 -c -mcpu=v11.0 -mlittle-endian -mxl-soft-mul" "EXTRA_COMPILER_FLAGS=-g -ffunction-sections -fdata-sections -
TRACE::2025-04-01.00:36:13::SCWMssOS::Wall -Wextra -fno-tree-loop-distribute-patterns"

TRACE::2025-04-01.00:36:13::SCWMssOS::"Compiling pmod_encoder..."

TRACE::2025-04-01.00:36:13::SCWMssOS::'Finished building libraries sequentially.'

TRACE::2025-04-01.00:36:13::SCWMssOS::make -j 10 --no-print-directory par_libs

TRACE::2025-04-01.00:36:13::SCWMssOS::"Running Make include in microblaze_0/libsrc/alarm_timer_v1_0/src"

TRACE::2025-04-01.00:36:13::SCWMssOS::make -C microblaze_0/libsrc/alarm_timer_v1_0/src -s include  "SHELL=CMD" "COMPILER=mb-gcc" "ASSEMBLER=mb-as" "ARCHIVER=mb-ar" "
TRACE::2025-04-01.00:36:13::SCWMssOS::COMPILER_FLAGS=  -O2 -c -mcpu=v11.0 -mlittle-endian -mxl-soft-mul" "EXTRA_COMPILER_FLAGS=-g -ffunction-sections -fdata-sections
TRACE::2025-04-01.00:36:13::SCWMssOS:: -Wall -Wextra -fno-tree-loop-distribute-patterns"

TRACE::2025-04-01.00:36:13::SCWMssOS::"Running Make include in microblaze_0/libsrc/bram_v4_7/src"

TRACE::2025-04-01.00:36:13::SCWMssOS::make -C microblaze_0/libsrc/bram_v4_7/src -s include  "SHELL=CMD" "COMPILER=mb-gcc" "ASSEMBLER=mb-as" "ARCHIVER=mb-ar" "COMPILE
TRACE::2025-04-01.00:36:13::SCWMssOS::R_FLAGS=  -O2 -c -mcpu=v11.0 -mlittle-endian -mxl-soft-mul" "EXTRA_COMPILER_FLAGS=-g -ffunction-sections -fdata-sections -Wall 
TRACE::2025-04-01.00:36:13::SCWMssOS::-Wextra -fno-tree-loop-distribute-patterns"

TRACE::2025-04-01.00:36:13::SCWMssOS::"Running Make include in microblaze_0/libsrc/cpu_v2_15/src"

TRACE::2025-04-01.00:36:13::SCWMssOS::make -C microblaze_0/libsrc/cpu_v2_15/src -s include  "SHELL=CMD" "COMPILER=mb-gcc" "ASSEMBLER=mb-as" "ARCHIVER=mb-ar" "COMPILE
TRACE::2025-04-01.00:36:13::SCWMssOS::R_FLAGS=  -O2 -c -mcpu=v11.0 -mlittle-endian -mxl-soft-mul" "EXTRA_COMPILER_FLAGS=-g -ffunction-sections -fdata-sections -Wall 
TRACE::2025-04-01.00:36:13::SCWMssOS::-Wextra -fno-tree-loop-distribute-patterns"

TRACE::2025-04-01.00:36:13::SCWMssOS::"Running Make include in microblaze_0/libsrc/gpio_v4_9/src"

TRACE::2025-04-01.00:36:13::SCWMssOS::make -C microblaze_0/libsrc/gpio_v4_9/src -s include  "SHELL=CMD" "COMPILER=mb-gcc" "ASSEMBLER=mb-as" "ARCHIVER=mb-ar" "COMPILE
TRACE::2025-04-01.00:36:13::SCWMssOS::R_FLAGS=  -O2 -c -mcpu=v11.0 -mlittle-endian -mxl-soft-mul" "EXTRA_COMPILER_FLAGS=-g -ffunction-sections -fdata-sections -Wall 
TRACE::2025-04-01.00:36:13::SCWMssOS::-Wextra -fno-tree-loop-distribute-patterns"

TRACE::2025-04-01.00:36:13::SCWMssOS::"Running Make include in microblaze_0/libsrc/pmod_encoder_v1_0/src"

TRACE::2025-04-01.00:36:13::SCWMssOS::make -C microblaze_0/libsrc/pmod_encoder_v1_0/src -s include  "SHELL=CMD" "COMPILER=mb-gcc" "ASSEMBLER=mb-as" "ARCHIVER=mb-ar" 
TRACE::2025-04-01.00:36:13::SCWMssOS::"COMPILER_FLAGS=  -O2 -c -mcpu=v11.0 -mlittle-endian -mxl-soft-mul" "EXTRA_COMPILER_FLAGS=-g -ffunction-sections -fdata-section
TRACE::2025-04-01.00:36:13::SCWMssOS::s -Wall -Wextra -fno-tree-loop-distribute-patterns"

TRACE::2025-04-01.00:36:13::SCWMssOS::"Running Make include in microblaze_0/libsrc/standalone_v7_7/src"

TRACE::2025-04-01.00:36:13::SCWMssOS::make -C microblaze_0/libsrc/standalone_v7_7/src -s include  "SHELL=CMD" "COMPILER=mb-gcc" "ASSEMBLER=mb-as" "ARCHIVER=mb-ar" "C
TRACE::2025-04-01.00:36:13::SCWMssOS::OMPILER_FLAGS=  -O2 -c -mcpu=v11.0 -mlittle-endian -mxl-soft-mul" "EXTRA_COMPILER_FLAGS=-g -ffunction-sections -fdata-sections 
TRACE::2025-04-01.00:36:13::SCWMssOS::-Wall -Wextra -fno-tree-loop-distribute-patterns"

TRACE::2025-04-01.00:36:13::SCWMssOS::"Running Make include in microblaze_0/libsrc/sysmon_v7_7/src"

TRACE::2025-04-01.00:36:13::SCWMssOS::make -C microblaze_0/libsrc/sysmon_v7_7/src -s include  "SHELL=CMD" "COMPILER=mb-gcc" "ASSEMBLER=mb-as" "ARCHIVER=mb-ar" "COMPI
TRACE::2025-04-01.00:36:13::SCWMssOS::LER_FLAGS=  -O2 -c -mcpu=v11.0 -mlittle-endian -mxl-soft-mul" "EXTRA_COMPILER_FLAGS=-g -ffunction-sections -fdata-sections -Wal
TRACE::2025-04-01.00:36:13::SCWMssOS::l -Wextra -fno-tree-loop-distribute-patterns"

TRACE::2025-04-01.00:36:13::SCWMssOS::"Running Make include in microblaze_0/libsrc/uartlite_v3_7/src"

TRACE::2025-04-01.00:36:13::SCWMssOS::make -C microblaze_0/libsrc/uartlite_v3_7/src -s include  "SHELL=CMD" "COMPILER=mb-gcc" "ASSEMBLER=mb-as" "ARCHIVER=mb-ar" "COM
TRACE::2025-04-01.00:36:13::SCWMssOS::PILER_FLAGS=  -O2 -c -mcpu=v11.0 -mlittle-endian -mxl-soft-mul" "EXTRA_COMPILER_FLAGS=-g -ffunction-sections -fdata-sections -W
TRACE::2025-04-01.00:36:13::SCWMssOS::all -Wextra -fno-tree-loop-distribute-patterns"

TRACE::2025-04-01.00:36:13::SCWMssOS::"Running Make libs in microblaze_0/libsrc/bram_v4_7/src"

TRACE::2025-04-01.00:36:13::SCWMssOS::make -C microblaze_0/libsrc/bram_v4_7/src -s libs  "SHELL=CMD" "COMPILER=mb-gcc" "ASSEMBLER=mb-as" "ARCHIVER=mb-ar" "COMPILER_F
TRACE::2025-04-01.00:36:13::SCWMssOS::LAGS=  -O2 -c -mcpu=v11.0 -mlittle-endian -mxl-soft-mul" "EXTRA_COMPILER_FLAGS=-g -ffunction-sections -fdata-sections -Wall -We
TRACE::2025-04-01.00:36:13::SCWMssOS::xtra -fno-tree-loop-distribute-patterns"

TRACE::2025-04-01.00:36:13::SCWMssOS::"Running Make libs in microblaze_0/libsrc/cpu_v2_15/src"

TRACE::2025-04-01.00:36:13::SCWMssOS::make -C microblaze_0/libsrc/cpu_v2_15/src -s libs  "SHELL=CMD" "COMPILER=mb-gcc" "ASSEMBLER=mb-as" "ARCHIVER=mb-ar" "COMPILER_F
TRACE::2025-04-01.00:36:13::SCWMssOS::LAGS=  -O2 -c -mcpu=v11.0 -mlittle-endian -mxl-soft-mul" "EXTRA_COMPILER_FLAGS=-g -ffunction-sections -fdata-sections -Wall -We
TRACE::2025-04-01.00:36:13::SCWMssOS::xtra -fno-tree-loop-distribute-patterns"

TRACE::2025-04-01.00:36:13::SCWMssOS::"Running Make libs in microblaze_0/libsrc/gpio_v4_9/src"

TRACE::2025-04-01.00:36:13::SCWMssOS::make -C microblaze_0/libsrc/gpio_v4_9/src -s libs  "SHELL=CMD" "COMPILER=mb-gcc" "ASSEMBLER=mb-as" "ARCHIVER=mb-ar" "COMPILER_F
TRACE::2025-04-01.00:36:13::SCWMssOS::LAGS=  -O2 -c -mcpu=v11.0 -mlittle-endian -mxl-soft-mul" "EXTRA_COMPILER_FLAGS=-g -ffunction-sections -fdata-sections -Wall -We
TRACE::2025-04-01.00:36:13::SCWMssOS::xtra -fno-tree-loop-distribute-patterns"

TRACE::2025-04-01.00:36:13::SCWMssOS::"Running Make libs in microblaze_0/libsrc/standalone_v7_7/src"

TRACE::2025-04-01.00:36:13::SCWMssOS::make -C microblaze_0/libsrc/standalone_v7_7/src -s libs  "SHELL=CMD" "COMPILER=mb-gcc" "ASSEMBLER=mb-as" "ARCHIVER=mb-ar" "COMP
TRACE::2025-04-01.00:36:13::SCWMssOS::ILER_FLAGS=  -O2 -c -mcpu=v11.0 -mlittle-endian -mxl-soft-mul" "EXTRA_COMPILER_FLAGS=-g -ffunction-sections -fdata-sections -Wa
TRACE::2025-04-01.00:36:13::SCWMssOS::ll -Wextra -fno-tree-loop-distribute-patterns"

TRACE::2025-04-01.00:36:13::SCWMssOS::"Running Make libs in microblaze_0/libsrc/sysmon_v7_7/src"

TRACE::2025-04-01.00:36:14::SCWMssOS::make -C microblaze_0/libsrc/sysmon_v7_7/src -s libs  "SHELL=CMD" "COMPILER=mb-gcc" "ASSEMBLER=mb-as" "ARCHIVER=mb-ar" "COMPILER
TRACE::2025-04-01.00:36:14::SCWMssOS::_FLAGS=  -O2 -c -mcpu=v11.0 -mlittle-endian -mxl-soft-mul" "EXTRA_COMPILER_FLAGS=-g -ffunction-sections -fdata-sections -Wall -
TRACE::2025-04-01.00:36:14::SCWMssOS::Wextra -fno-tree-loop-distribute-patterns"

TRACE::2025-04-01.00:36:14::SCWMssOS::"Running Make libs in microblaze_0/libsrc/uartlite_v3_7/src"

TRACE::2025-04-01.00:36:14::SCWMssOS::make -C microblaze_0/libsrc/uartlite_v3_7/src -s libs  "SHELL=CMD" "COMPILER=mb-gcc" "ASSEMBLER=mb-as" "ARCHIVER=mb-ar" "COMPIL
TRACE::2025-04-01.00:36:14::SCWMssOS::ER_FLAGS=  -O2 -c -mcpu=v11.0 -mlittle-endian -mxl-soft-mul" "EXTRA_COMPILER_FLAGS=-g -ffunction-sections -fdata-sections -Wall
TRACE::2025-04-01.00:36:14::SCWMssOS:: -Wextra -fno-tree-loop-distribute-patterns"

TRACE::2025-04-01.00:36:15::SCWMssOS::"DEBUG NON_LTO_OBJECTS is ../../../lib/microblaze_interrupt_handler.o"

TRACE::2025-04-01.00:36:15::SCWMssOS::'Finished building libraries parallelly.'

TRACE::2025-04-01.00:36:15::SCWMssOS::make --no-print-directory archive

TRACE::2025-04-01.00:36:15::SCWMssOS::mb-ar -r  microblaze_0/lib/libxil.a microblaze_0/lib/xplatform_info.o microblaze_0/lib/xuartlite.o microblaze_0/lib/microblaze_
TRACE::2025-04-01.00:36:15::SCWMssOS::disable_exceptions.o microblaze_0/lib/print.o microblaze_0/lib/_exit.o microblaze_0/lib/xil_testio.o microblaze_0/lib/microblaz
TRACE::2025-04-01.00:36:15::SCWMssOS::e_disable_dcache.o microblaze_0/lib/microblaze_flush_dcache_range.o microblaze_0/lib/microblaze_flush_cache_ext.o microblaze_0/
TRACE::2025-04-01.00:36:15::SCWMssOS::lib/xbram_sinit.o microblaze_0/lib/xil_misc_psreset_api.o microblaze_0/lib/xinterrupt_wrap.o microblaze_0/lib/xsysmon_g.o micro
TRACE::2025-04-01.00:36:15::SCWMssOS::blaze_0/lib/xil_cache.o microblaze_0/lib/xil_util.o microblaze_0/lib/inbyte.o microblaze_0/lib/xuartlite_stats.o microblaze_0/l
TRACE::2025-04-01.00:36:15::SCWMssOS::ib/microblaze_exception_handler.o microblaze_0/lib/xbram_g.o microblaze_0/lib/microblaze_scrub.o microblaze_0/lib/microblaze_in
TRACE::2025-04-01.00:36:15::SCWMssOS::validate_dcache.o microblaze_0/lib/microblaze_disable_interrupts.o microblaze_0/lib/xbram_selftest.o microblaze_0/lib/microblaz
TRACE::2025-04-01.00:36:15::SCWMssOS::e_interrupt_handler.o microblaze_0/lib/microblaze_disable_icache.o microblaze_0/lib/xsysmon_intr.o microblaze_0/lib/xgpio_g.o m
TRACE::2025-04-01.00:36:15::SCWMssOS::icroblaze_0/lib/xuartlite_g.o microblaze_0/lib/xil_mem.o microblaze_0/lib/microblaze_flush_cache_ext_range.o microblaze_0/lib/x
TRACE::2025-04-01.00:36:15::SCWMssOS::bram_intr.o microblaze_0/lib/xil_sleepcommon.o microblaze_0/lib/xil_printf.o microblaze_0/lib/xio.o microblaze_0/lib/outbyte.o 
TRACE::2025-04-01.00:36:15::SCWMssOS::microblaze_0/lib/microblaze_enable_exceptions.o microblaze_0/lib/xgpio_intr.o microblaze_0/lib/xsysmon_selftest.o microblaze_0/
TRACE::2025-04-01.00:36:15::SCWMssOS::lib/microblaze_invalidate_dcache_range.o microblaze_0/lib/xsysmon_sinit.o microblaze_0/lib/microblaze_invalidate_cache_ext.o mi
TRACE::2025-04-01.00:36:15::SCWMssOS::croblaze_0/lib/microblaze_sleep.o microblaze_0/lib/hw_exception_handler.o microblaze_0/lib/xuartlite_selftest.o microblaze_0/li
TRACE::2025-04-01.00:36:15::SCWMssOS::b/xgpio_sinit.o microblaze_0/lib/microblaze_update_dcache.o microblaze_0/lib/xil_testcache.o microblaze_0/lib/microblaze_selfte
TRACE::2025-04-01.00:36:15::SCWMssOS::st.o microblaze_0/lib/microblaze_interrupts_g.o microblaze_0/lib/microblaze_enable_dcache.o microblaze_0/lib/xbram.o microblaze
TRACE::2025-04-01.00:36:15::SCWMssOS::_0/lib/microblaze_invalidate_icache_range.o microblaze_0/lib/xuartlite_sinit.o microblaze_0/lib/microblaze_init_dcache_range.o 
TRACE::2025-04-01.00:36:15::SCWMssOS::microblaze_0/lib/microblaze_invalidate_icache.o microblaze_0/lib/errno.o microblaze_0/lib/microblaze_invalidate_cache_ext_range
TRACE::2025-04-01.00:36:15::SCWMssOS::.o microblaze_0/lib/xil_exception.o microblaze_0/lib/pvr.o microblaze_0/lib/xgpio.o microblaze_0/lib/xil_testmem.o microblaze_0
TRACE::2025-04-01.00:36:15::SCWMssOS::/lib/microblaze_update_icache.o microblaze_0/lib/xuartlite_intr.o microblaze_0/lib/microblaze_flush_dcache.o microblaze_0/lib/x
TRACE::2025-04-01.00:36:15::SCWMssOS::il_clocking.o microblaze_0/lib/xil_assert.o microblaze_0/lib/microblaze_enable_interrupts.o microblaze_0/lib/xgpio_extra.o micr
TRACE::2025-04-01.00:36:15::SCWMssOS::oblaze_0/lib/microblaze_enable_icache.o microblaze_0/lib/microblaze_init_icache_range.o microblaze_0/lib/xuartlite_l.o microbla
TRACE::2025-04-01.00:36:15::SCWMssOS::ze_0/lib/xsysmon.o microblaze_0/lib/fcntl.o microblaze_0/lib/xgpio_selftest.o

TRACE::2025-04-01.00:36:15::SCWMssOS::'Finished building libraries'

TRACE::2025-04-01.00:36:15::SCWMssOS::Copying to export directory.
TRACE::2025-04-01.00:36:15::SCWMssOS:: Checking if to create the Supporting Applications
TRACE::2025-04-01.00:36:15::SCWMssOS:: No Linux domain exists, trying to generate FSBL 
LOG::2025-04-01.00:36:15::SCWSystem::Completed Processing the domain standalone_microblaze_0
LOG::2025-04-01.00:36:15::SCWSystem::Completed Processing the sysconfig Lab7_sw_wrapper
LOG::2025-04-01.00:36:15::SCWPlatform::Completed generating the artifacts for system configuration Lab7_sw_wrapper
TRACE::2025-04-01.00:36:15::SCWPlatform::Started preparing the platform 
TRACE::2025-04-01.00:36:15::SCWSystem::Writing the bif file for system config Lab7_sw_wrapper
TRACE::2025-04-01.00:36:15::SCWSystem::dir created 
TRACE::2025-04-01.00:36:15::SCWSystem::Writing the bif 
TRACE::2025-04-01.00:36:15::SCWPlatform::Started writing the spfm file 
TRACE::2025-04-01.00:36:15::SCWPlatform::Started writing the xpfm file 
TRACE::2025-04-01.00:36:15::SCWPlatform::Completed generating the platform
TRACE::2025-04-01.00:36:15::SCWMssOS::Saving the mss changes D:/EECE351/Lab/Lab7/workplace/Lab7_sw_wrapper/microblaze_0/standalone_microblaze_0/bsp/system.mss
TRACE::2025-04-01.00:36:15::SCWMssOS::Found a swdesign opened with the mssfile.
TRACE::2025-04-01.00:36:15::SCWMssOS::Completed writemss as part of save.
TRACE::2025-04-01.00:36:15::SCWMssOS::Commit changes completed.
TRACE::2025-04-01.00:36:15::SCWPlatform::Trying to open the hw design at D:/EECE351/Lab/Lab7/workplace/Lab7_sw_wrapper/hw/Lab7_sw_wrapper.xsa
TRACE::2025-04-01.00:36:15::SCWPlatform::DSA given D:/EECE351/Lab/Lab7/workplace/Lab7_sw_wrapper/hw/Lab7_sw_wrapper.xsa
TRACE::2025-04-01.00:36:15::SCWPlatform::DSA absoulate path D:/EECE351/Lab/Lab7/workplace/Lab7_sw_wrapper/hw/Lab7_sw_wrapper.xsa
TRACE::2025-04-01.00:36:15::SCWPlatform::DSA directory D:/EECE351/Lab/Lab7/workplace/Lab7_sw_wrapper/hw
TRACE::2025-04-01.00:36:15::SCWPlatform:: Platform Path D:/EECE351/Lab/Lab7/workplace/Lab7_sw_wrapper/hw/Lab7_sw_wrapper.xsa
TRACE::2025-04-01.00:36:15::SCWPlatform:: Unique name xilinx:::0.0
TRACE::2025-04-01.00:36:15::SCWPlatform::Trying to set the existing hwdb with name fpga_hw_wrapper_0
TRACE::2025-04-01.00:36:15::SCWPlatform::Opened existing hwdb fpga_hw_wrapper_0
TRACE::2025-04-01.00:36:15::SCWPlatform::Found the Hw Db part of the input DSA
TRACE::2025-04-01.00:36:15::SCWMssOS::Checking the sw design at  D:/EECE351/Lab/Lab7/workplace/Lab7_sw_wrapper/microblaze_0/standalone_microblaze_0/bsp/system.mss
TRACE::2025-04-01.00:36:15::SCWMssOS::DEBUG:  swdes dump  D:/EECE351/Lab/Lab7/workplace/Lab7_sw_wrapper/microblaze_0/standalone_microblaze_0/bsp/system.mss|system||

TRACE::2025-04-01.00:36:15::SCWMssOS::Sw design exists and opened at  D:/EECE351/Lab/Lab7/workplace/Lab7_sw_wrapper/microblaze_0/standalone_microblaze_0/bsp/system.mss
TRACE::2025-04-01.00:36:15::SCWPlatform::Trying to open the hw design at D:/EECE351/Lab/Lab7/workplace/Lab7_sw_wrapper/hw/Lab7_sw_wrapper.xsa
TRACE::2025-04-01.00:36:15::SCWPlatform::DSA given D:/EECE351/Lab/Lab7/workplace/Lab7_sw_wrapper/hw/Lab7_sw_wrapper.xsa
TRACE::2025-04-01.00:36:15::SCWPlatform::DSA absoulate path D:/EECE351/Lab/Lab7/workplace/Lab7_sw_wrapper/hw/Lab7_sw_wrapper.xsa
TRACE::2025-04-01.00:36:15::SCWPlatform::DSA directory D:/EECE351/Lab/Lab7/workplace/Lab7_sw_wrapper/hw
TRACE::2025-04-01.00:36:15::SCWPlatform:: Platform Path D:/EECE351/Lab/Lab7/workplace/Lab7_sw_wrapper/hw/Lab7_sw_wrapper.xsa
TRACE::2025-04-01.00:36:15::SCWPlatform:: Unique name xilinx:::0.0
TRACE::2025-04-01.00:36:15::SCWPlatform::Trying to set the existing hwdb with name fpga_hw_wrapper_0
TRACE::2025-04-01.00:36:15::SCWPlatform::Opened existing hwdb fpga_hw_wrapper_0
TRACE::2025-04-01.00:36:15::SCWPlatform::Found the Hw Db part of the input DSA
TRACE::2025-04-01.00:36:15::SCWMssOS::Checking the sw design at  D:/EECE351/Lab/Lab7/workplace/Lab7_sw_wrapper/microblaze_0/standalone_microblaze_0/bsp/system.mss
TRACE::2025-04-01.00:36:15::SCWMssOS::DEBUG:  swdes dump  D:/EECE351/Lab/Lab7/workplace/Lab7_sw_wrapper/microblaze_0/standalone_microblaze_0/bsp/system.mss|system||

TRACE::2025-04-01.00:36:15::SCWMssOS::Sw design exists and opened at  D:/EECE351/Lab/Lab7/workplace/Lab7_sw_wrapper/microblaze_0/standalone_microblaze_0/bsp/system.mss
TRACE::2025-04-01.00:36:15::SCWPlatform::Trying to open the hw design at D:/EECE351/Lab/Lab7/workplace/Lab7_sw_wrapper/hw/Lab7_sw_wrapper.xsa
TRACE::2025-04-01.00:36:15::SCWPlatform::DSA given D:/EECE351/Lab/Lab7/workplace/Lab7_sw_wrapper/hw/Lab7_sw_wrapper.xsa
TRACE::2025-04-01.00:36:15::SCWPlatform::DSA absoulate path D:/EECE351/Lab/Lab7/workplace/Lab7_sw_wrapper/hw/Lab7_sw_wrapper.xsa
TRACE::2025-04-01.00:36:15::SCWPlatform::DSA directory D:/EECE351/Lab/Lab7/workplace/Lab7_sw_wrapper/hw
TRACE::2025-04-01.00:36:15::SCWPlatform:: Platform Path D:/EECE351/Lab/Lab7/workplace/Lab7_sw_wrapper/hw/Lab7_sw_wrapper.xsa
TRACE::2025-04-01.00:36:15::SCWPlatform:: Unique name xilinx:::0.0
TRACE::2025-04-01.00:36:15::SCWPlatform::Trying to set the existing hwdb with name fpga_hw_wrapper_0
TRACE::2025-04-01.00:36:15::SCWPlatform::Opened existing hwdb fpga_hw_wrapper_0
TRACE::2025-04-01.00:36:15::SCWPlatform::Found the Hw Db part of the input DSA
TRACE::2025-04-01.00:36:15::SCWMssOS::Checking the sw design at  D:/EECE351/Lab/Lab7/workplace/Lab7_sw_wrapper/microblaze_0/standalone_microblaze_0/bsp/system.mss
TRACE::2025-04-01.00:36:15::SCWMssOS::DEBUG:  swdes dump  D:/EECE351/Lab/Lab7/workplace/Lab7_sw_wrapper/microblaze_0/standalone_microblaze_0/bsp/system.mss|system||

TRACE::2025-04-01.00:36:15::SCWMssOS::Sw design exists and opened at  D:/EECE351/Lab/Lab7/workplace/Lab7_sw_wrapper/microblaze_0/standalone_microblaze_0/bsp/system.mss
TRACE::2025-04-01.00:36:15::SCWWriter::formatted JSON is {
	"platformName":	"Lab7_sw_wrapper",
	"sprVersion":	"2.0",
	"mode":	"gui",
	"dsaType":	"Fixed",
	"platformDesc":	"Lab7_sw_wrapper",
	"platHandOff":	"D:/EECE351/Lab/Lab7/Lab7_sw_wrapper.xsa",
	"platIntHandOff":	"<platformDir>/hw/Lab7_sw_wrapper.xsa",
	"deviceType":	"FPGA",
	"platIsPrebuiltAutogen":	"false",
	"platIsNoBootBsp":	"false",
	"hasFsblMakeHasChanges":	"false",
	"hasPmufwMakeHasChanges":	"false",
	"platPreBuiltFlag":	false,
	"platformSamplesDir":	"",
	"platActiveSys":	"Lab7_sw_wrapper",
	"systems":	[{
			"systemName":	"Lab7_sw_wrapper",
			"systemDesc":	"Lab7_sw_wrapper",
			"sysIsBootAutoGen":	"true",
			"systemDispName":	"Lab7_sw_wrapper",
			"sysActiveDom":	"standalone_microblaze_0",
			"sysDefaultDom":	"standalone_microblaze_0",
			"domains":	[{
					"domainName":	"standalone_microblaze_0",
					"domainDispName":	"standalone_microblaze_0",
					"domainDesc":	"standalone_microblaze_0",
					"processors":	"microblaze_0",
					"os":	"standalone",
					"sdxOs":	"standalone",
					"debugEnable":	"False",
					"domRuntimes":	["cpp"],
					"swRepo":	"",
					"mssOsVer":	"7.7",
					"mssFile":	"",
					"md5Digest":	"ec198fb4203bf672f4f0119431e43494",
					"compatibleApp":	"hello_world",
					"domType":	"mssDomain",
					"arch":	"32-bit",
					"appSettings":	{
						"appCompilerFlags":	"",
						"appLinkerFlags":	""
					},
					"addedLibs":	[],
					"libOptions":	{
						"libsContainingOptions":	[]
					},
					"prebuiltLibs":	{
						"prebuiltIncPath":	[],
						"prebuiltLibPath":	[]
					},
					"isolation":	{
					}
				}]
		}]
}
KEYINFO::2025-04-01.00:36:15::SCWPlatform::updated the xpfm file.
TRACE::2025-04-01.00:36:16::SCWPlatform::Trying to open the hw design at D:/EECE351/Lab/Lab7/workplace/Lab7_sw_wrapper/hw/Lab7_sw_wrapper.xsa
TRACE::2025-04-01.00:36:16::SCWPlatform::DSA given D:/EECE351/Lab/Lab7/workplace/Lab7_sw_wrapper/hw/Lab7_sw_wrapper.xsa
TRACE::2025-04-01.00:36:16::SCWPlatform::DSA absoulate path D:/EECE351/Lab/Lab7/workplace/Lab7_sw_wrapper/hw/Lab7_sw_wrapper.xsa
TRACE::2025-04-01.00:36:16::SCWPlatform::DSA directory D:/EECE351/Lab/Lab7/workplace/Lab7_sw_wrapper/hw
TRACE::2025-04-01.00:36:16::SCWPlatform:: Platform Path D:/EECE351/Lab/Lab7/workplace/Lab7_sw_wrapper/hw/Lab7_sw_wrapper.xsa
TRACE::2025-04-01.00:36:16::SCWPlatform:: Unique name xilinx:::0.0
TRACE::2025-04-01.00:36:16::SCWPlatform::Trying to set the existing hwdb with name fpga_hw_wrapper_0
TRACE::2025-04-01.00:36:16::SCWPlatform::Opened existing hwdb fpga_hw_wrapper_0
TRACE::2025-04-01.00:36:16::SCWPlatform::Found the Hw Db part of the input DSA
TRACE::2025-04-01.00:36:16::SCWMssOS::Checking the sw design at  D:/EECE351/Lab/Lab7/workplace/Lab7_sw_wrapper/microblaze_0/standalone_microblaze_0/bsp/system.mss
TRACE::2025-04-01.00:36:16::SCWMssOS::DEBUG:  swdes dump  D:/EECE351/Lab/Lab7/workplace/Lab7_sw_wrapper/microblaze_0/standalone_microblaze_0/bsp/system.mss|system||

TRACE::2025-04-01.00:36:16::SCWMssOS::Sw design exists and opened at  D:/EECE351/Lab/Lab7/workplace/Lab7_sw_wrapper/microblaze_0/standalone_microblaze_0/bsp/system.mss
