Copyright 1986-2022 Xilinx, Inc. All Rights Reserved.
--------------------------------------------------------------------------------------------
| Tool Version : Vivado v.2022.1 (win64) Build 3526262 Mon Apr 18 15:48:16 MDT 2022
| Date         : Tue Apr  1 01:52:33 2025
| Host         : Thanh_Vo running 64-bit major release  (build 9200)
| Command      : report_control_sets -verbose -file fpga_hw_wrapper_control_sets_placed.rpt
| Design       : fpga_hw_wrapper
| Device       : xc7a35t
--------------------------------------------------------------------------------------------

Control Set Information

Table of Contents
-----------------
1. Summary
2. Histogram
3. Flip-Flop Distribution
4. Detailed Control Set Information

1. Summary
----------

+----------------------------------------------------------+-------+
|                          Status                          | Count |
+----------------------------------------------------------+-------+
| Total control sets                                       |   112 |
|    Minimum number of control sets                        |   112 |
|    Addition due to synthesis replication                 |     0 |
|    Addition due to physical synthesis replication        |     0 |
| Unused register locations in slices containing registers |   321 |
+----------------------------------------------------------+-------+
* Control sets can be merged at opt_design using control_set_merge or merge_equivalent_drivers
** Run report_qor_suggestions for automated merging and remapping suggestions


2. Histogram
------------

+--------------------+-------+
|       Fanout       | Count |
+--------------------+-------+
| Total control sets |   112 |
| >= 0 to < 4        |    12 |
| >= 4 to < 6        |    25 |
| >= 6 to < 8        |     8 |
| >= 8 to < 10       |    15 |
| >= 10 to < 12      |     2 |
| >= 12 to < 14      |     0 |
| >= 14 to < 16      |     1 |
| >= 16              |    49 |
+--------------------+-------+
* Control sets can be remapped at either synth_design or opt_design


3. Flip-Flop Distribution
-------------------------

+--------------+-----------------------+------------------------+-----------------+--------------+
| Clock Enable | Synchronous Set/Reset | Asynchronous Set/Reset | Total Registers | Total Slices |
+--------------+-----------------------+------------------------+-----------------+--------------+
| No           | No                    | No                     |             349 |          126 |
| No           | No                    | Yes                    |              38 |           10 |
| No           | Yes                   | No                     |             642 |          207 |
| Yes          | No                    | No                     |             251 |           66 |
| Yes          | No                    | Yes                    |              47 |           16 |
| Yes          | Yes                   | No                     |             976 |          291 |
+--------------+-----------------------+------------------------+-----------------+--------------+


4. Detailed Control Set Information
-----------------------------------

+-----------------------------------------------------------+-----------------------------------------------------------------------------------------------------------------------------------------------------------------------------------------------------------+-----------------------------------------------------------------------------------------------------------------------------------------------+------------------+----------------+--------------+
|                        Clock Signal                       |                                                                                               Enable Signal                                                                                               |                                                                Set/Reset Signal                                                               | Slice Load Count | Bel Load Count | Bels / Slice |
+-----------------------------------------------------------+-----------------------------------------------------------------------------------------------------------------------------------------------------------------------------------------------------------+-----------------------------------------------------------------------------------------------------------------------------------------------+------------------+----------------+--------------+
|  fpga_hw_i/mdm_1/U0/Use_E2.BSCAN_I/Dbg_Update_0_BUFG      | fpga_hw_i/microblaze_0/U0/MicroBlaze_Core_I/Performance.Core/Use_Debug_Logic.Master_Core.Debug_Perf/Control_Reg_En                                                                                        | fpga_hw_i/microblaze_0/U0/MicroBlaze_Core_I/Performance.Core/Use_Debug_Logic.Master_Core.Debug_Perf/Serial_Dbg_Intf.normal_stop_cmd_i_reg_n_0 |                1 |              1 |         1.00 |
| ~fpga_hw_i/mdm_1/U0/No_Dbg_Reg_Access.BUFG_DRCK/Dbg_Clk_0 | fpga_hw_i/mdm_1/U0/MDM_Core_I1/JTAG_CONTROL_I/Use_BSCAN.FDC_I/CE                                                                                                                                          | fpga_hw_i/mdm_1/U0/MDM_Core_I1/JTAG_CONTROL_I/Use_BSCAN.FDC_I/D                                                                               |                1 |              1 |         1.00 |
|  fpga_hw_i/mdm_1/U0/Use_E2.BSCAN_I/Dbg_Update_0_BUFG      | fpga_hw_i/microblaze_0/U0/MicroBlaze_Core_I/Performance.Core/Use_Debug_Logic.Master_Core.Debug_Perf/Control_Reg_En                                                                                        | fpga_hw_i/microblaze_0/U0/MicroBlaze_Core_I/Performance.Core/Use_Debug_Logic.Master_Core.Debug_Perf/Serial_Dbg_Intf.continue_from_brk_reg_n_0 |                1 |              1 |         1.00 |
|  fpga_hw_i/clk_wiz_1/inst/clk_out1                        |                                                                                                                                                                                                           | fpga_hw_i/microblaze_0/U0/MicroBlaze_Core_I/Performance.Core/Use_Debug_Logic.Master_Core.Debug_Perf/Serial_Dbg_Intf.capture_1                 |                1 |              1 |         1.00 |
|  fpga_hw_i/mdm_1/U0/Use_E2.BSCAN_I/Dbg_Update_0_BUFG      | fpga_hw_i/microblaze_0/U0/MicroBlaze_Core_I/Performance.Core/Use_Debug_Logic.Master_Core.Debug_Perf/Control_Reg_En                                                                                        | fpga_hw_i/microblaze_0/U0/MicroBlaze_Core_I/Performance.Core/Use_Debug_Logic.Master_Core.Debug_Perf/Serial_Dbg_Intf.force_stop_cmd_i_reg_0    |                1 |              1 |         1.00 |
|  fpga_hw_i/mdm_1/U0/No_Dbg_Reg_Access.BUFG_DRCK/Dbg_Clk_0 | fpga_hw_i/mdm_1/U0/Use_E2.BSCAN_I/Use_E2.BSCANE2_I_0                                                                                                                                                      | fpga_hw_i/mdm_1/U0/MDM_Core_I1/JTAG_CONTROL_I/Functional_Reset                                                                                |                1 |              1 |         1.00 |
|  fpga_hw_i/mdm_1/U0/Use_E2.BSCAN_I/Dbg_Update_0_BUFG      | fpga_hw_i/microblaze_0/U0/MicroBlaze_Core_I/Performance.Core/Use_Debug_Logic.Master_Core.Debug_Perf/Control_Reg_En                                                                                        | fpga_hw_i/microblaze_0/U0/MicroBlaze_Core_I/Performance.Core/Use_Debug_Logic.Master_Core.Debug_Perf/start_single_step_reg_n_0                 |                1 |              1 |         1.00 |
| ~fpga_hw_i/mdm_1/U0/Use_E2.BSCAN_I/Dbg_Update_0_BUFG      |                                                                                                                                                                                                           | fpga_hw_i/mdm_1/U0/MDM_Core_I1/JTAG_CONTROL_I/sel_n                                                                                           |                1 |              1 |         1.00 |
|  fpga_hw_i/clk_wiz_1/inst/clk_out1                        | fpga_hw_i/rst_clk_wiz_1_100M/U0/peripheral_aresetn[0]                                                                                                                                                     |                                                                                                                                               |                1 |              2 |         2.00 |
|  fpga_hw_i/clk_wiz_1/inst/clk_out1                        | fpga_hw_i/rst_clk_wiz_1_100M/U0/peripheral_aresetn[0]                                                                                                                                                     | fpga_hw_i/alarm_timer_0/U0/alarm_timer_v1_0_S00_AXI_inst/write_alarm02_out                                                                    |                1 |              2 |         2.00 |
|  fpga_hw_i/mdm_1/U0/Use_E2.BSCAN_I/Dbg_Update_0_BUFG      | fpga_hw_i/microblaze_0/U0/MicroBlaze_Core_I/Performance.Core/Use_Debug_Logic.Master_Core.Debug_Perf/Command_Reg_En                                                                                        | fpga_hw_i/microblaze_0/U0/MicroBlaze_Core_I/Performance.Core/Use_Debug_Logic.Master_Core.Debug_Perf/command_reg_clear                         |                1 |              2 |         2.00 |
|  fpga_hw_i/mdm_1/U0/Use_E2.BSCAN_I/Dbg_Update_0_BUFG      |                                                                                                                                                                                                           |                                                                                                                                               |                3 |              3 |         1.00 |
|  fpga_hw_i/clk_wiz_1/inst/clk_out1                        |                                                                                                                                                                                                           | fpga_hw_i/axi_gpio_0/U0/AXI_LITE_IPIF_I/I_SLAVE_ATTACHMENT/clear                                                                              |                1 |              4 |         4.00 |
|  fpga_hw_i/clk_wiz_1/inst/clk_out1                        | fpga_hw_i/axi_gpio_2/U0/AXI_LITE_IPIF_I/I_SLAVE_ATTACHMENT/start2                                                                                                                                         | fpga_hw_i/axi_gpio_2/U0/AXI_LITE_IPIF_I/I_SLAVE_ATTACHMENT/I_DECODER/cs_ce_clr                                                                |                1 |              4 |         4.00 |
|  fpga_hw_i/clk_wiz_1/inst/clk_out1                        | fpga_hw_i/axi_gpio_3/U0/AXI_LITE_IPIF_I/I_SLAVE_ATTACHMENT/I_DECODER/E[0]                                                                                                                                 | fpga_hw_i/axi_gpio_3/U0/AXI_LITE_IPIF_I/I_SLAVE_ATTACHMENT/SR[0]                                                                              |                1 |              4 |         4.00 |
|  fpga_hw_i/clk_wiz_1/inst/clk_out1                        |                                                                                                                                                                                                           | fpga_hw_i/axi_gpio_2/U0/AXI_LITE_IPIF_I/I_SLAVE_ATTACHMENT/clear                                                                              |                1 |              4 |         4.00 |
|  fpga_hw_i/mdm_1/U0/Use_E2.BSCAN_I/Dbg_Update_0_BUFG      | fpga_hw_i/microblaze_0/U0/MicroBlaze_Core_I/Performance.Core/Use_Debug_Logic.Master_Core.Debug_Perf/Control_Reg_En                                                                                        |                                                                                                                                               |                1 |              4 |         4.00 |
|  fpga_hw_i/clk_wiz_1/inst/clk_out1                        |                                                                                                                                                                                                           | fpga_hw_i/axi_gpio_1/U0/AXI_LITE_IPIF_I/I_SLAVE_ATTACHMENT/clear                                                                              |                1 |              4 |         4.00 |
|  fpga_hw_i/clk_wiz_1/inst/clk_out1                        |                                                                                                                                                                                                           | fpga_hw_i/axi_gpio_3/U0/AXI_LITE_IPIF_I/I_SLAVE_ATTACHMENT/I_DECODER/bus2ip_rnw_i_reg                                                         |                1 |              4 |         4.00 |
|  fpga_hw_i/clk_wiz_1/inst/clk_out1                        | fpga_hw_i/axi_gpio_2/U0/AXI_LITE_IPIF_I/I_SLAVE_ATTACHMENT/I_DECODER/bus2ip_rnw_i_reg_0[0]                                                                                                                | fpga_hw_i/axi_gpio_2/U0/AXI_LITE_IPIF_I/I_SLAVE_ATTACHMENT/SR[0]                                                                              |                1 |              4 |         4.00 |
|  fpga_hw_i/clk_wiz_1/inst/clk_out1                        |                                                                                                                                                                                                           | fpga_hw_i/axi_gpio_3/U0/AXI_LITE_IPIF_I/I_SLAVE_ATTACHMENT/clear                                                                              |                1 |              4 |         4.00 |
|  fpga_hw_i/clk_wiz_1/inst/clk_out1                        | fpga_hw_i/axi_gpio_1/U0/AXI_LITE_IPIF_I/I_SLAVE_ATTACHMENT/start2                                                                                                                                         | fpga_hw_i/axi_gpio_1/U0/AXI_LITE_IPIF_I/I_SLAVE_ATTACHMENT/I_DECODER/cs_ce_clr                                                                |                1 |              4 |         4.00 |
|  fpga_hw_i/mdm_1/U0/No_Dbg_Reg_Access.BUFG_DRCK/Dbg_Clk_0 | fpga_hw_i/mdm_1/U0/MDM_Core_I1/Use_BSCAN.TDI_Shifter0                                                                                                                                                     | fpga_hw_i/mdm_1/U0/Use_E2.BSCAN_I/AR[0]                                                                                                       |                1 |              4 |         4.00 |
|  fpga_hw_i/clk_wiz_1/inst/clk_out1                        | fpga_hw_i/axi_gpio_3/U0/AXI_LITE_IPIF_I/I_SLAVE_ATTACHMENT/bus2ip_addr_i[8]_i_1_n_0                                                                                                                       | fpga_hw_i/axi_gpio_3/U0/AXI_LITE_IPIF_I/I_SLAVE_ATTACHMENT/SR[0]                                                                              |                2 |              4 |         2.00 |
|  fpga_hw_i/clk_wiz_1/inst/clk_out1                        | fpga_hw_i/xadc_wiz_0/U0/AXI_XADC_CORE_I/D[6]                                                                                                                                                              | fpga_hw_i/xadc_wiz_0/U0/AXI_LITE_IPIF_I/I_SLAVE_ATTACHMENT/reset2ip_reset                                                                     |                1 |              4 |         4.00 |
|  fpga_hw_i/clk_wiz_1/inst/clk_out1                        | fpga_hw_i/axi_gpio_3/U0/AXI_LITE_IPIF_I/I_SLAVE_ATTACHMENT/start2                                                                                                                                         | fpga_hw_i/axi_gpio_3/U0/AXI_LITE_IPIF_I/I_SLAVE_ATTACHMENT/I_DECODER/cs_ce_clr                                                                |                1 |              4 |         4.00 |
|  fpga_hw_i/clk_wiz_1/inst/clk_out1                        | fpga_hw_i/axi_gpio_0/U0/AXI_LITE_IPIF_I/I_SLAVE_ATTACHMENT/start2                                                                                                                                         | fpga_hw_i/axi_gpio_0/U0/AXI_LITE_IPIF_I/I_SLAVE_ATTACHMENT/I_DECODER/cs_ce_clr                                                                |                2 |              4 |         2.00 |
|  fpga_hw_i/clk_wiz_1/inst/clk_out1                        | fpga_hw_i/axi_gpio_0/U0/AXI_LITE_IPIF_I/I_SLAVE_ATTACHMENT/bus2ip_addr_i[8]_i_1_n_0                                                                                                                       | fpga_hw_i/axi_gpio_0/U0/AXI_LITE_IPIF_I/I_SLAVE_ATTACHMENT/SR[0]                                                                              |                1 |              4 |         4.00 |
|  fpga_hw_i/clk_wiz_1/inst/clk_out1                        | fpga_hw_i/axi_uartlite_0/U0/UARTLITE_CORE_I/BAUD_RATE_I/en_16x_Baud                                                                                                                                       |                                                                                                                                               |                1 |              4 |         4.00 |
|  fpga_hw_i/clk_wiz_1/inst/clk_out1                        | fpga_hw_i/axi_gpio_1/U0/AXI_LITE_IPIF_I/I_SLAVE_ATTACHMENT/bus2ip_addr_i[8]_i_1_n_0                                                                                                                       | fpga_hw_i/axi_gpio_1/U0/AXI_LITE_IPIF_I/I_SLAVE_ATTACHMENT/SR[0]                                                                              |                1 |              4 |         4.00 |
|  fpga_hw_i/clk_wiz_1/inst/clk_out1                        | fpga_hw_i/axi_uartlite_0/U0/AXI_LITE_IPIF_I/I_SLAVE_ATTACHMENT/start2                                                                                                                                     | fpga_hw_i/axi_uartlite_0/U0/AXI_LITE_IPIF_I/I_SLAVE_ATTACHMENT/I_DECODER/cs_ce_clr                                                            |                1 |              4 |         4.00 |
|  fpga_hw_i/mdm_1/U0/Use_E2.BSCAN_I/Dbg_Update_0_BUFG      | fpga_hw_i/mdm_1/U0/MDM_Core_I1/Use_BSCAN.MDM_SEL                                                                                                                                                          | fpga_hw_i/mdm_1/U0/Use_E2.BSCAN_I/AR[0]                                                                                                       |                1 |              4 |         4.00 |
|  fpga_hw_i/clk_wiz_1/inst/clk_out1                        | fpga_hw_i/axi_gpio_2/U0/AXI_LITE_IPIF_I/I_SLAVE_ATTACHMENT/bus2ip_addr_i[8]_i_1_n_0                                                                                                                       | fpga_hw_i/axi_gpio_2/U0/AXI_LITE_IPIF_I/I_SLAVE_ATTACHMENT/SR[0]                                                                              |                1 |              4 |         4.00 |
| ~fpga_hw_i/mdm_1/U0/Use_E2.BSCAN_I/Dbg_Update_0_BUFG      |                                                                                                                                                                                                           | fpga_hw_i/mdm_1/U0/Use_E2.BSCAN_I/AR[0]                                                                                                       |                1 |              4 |         4.00 |
|  fpga_hw_i/clk_wiz_1/inst/clk_out1                        |                                                                                                                                                                                                           | fpga_hw_i/rst_clk_wiz_1_100M/U0/EXT_LPF/lpf_int                                                                                               |                1 |              5 |         5.00 |
|  fpga_hw_i/clk_wiz_1/inst/clk_out1                        | fpga_hw_i/axi_gpio_3/U0/AXI_LITE_IPIF_I/I_SLAVE_ATTACHMENT/s_axi_rresp_i                                                                                                                                  | fpga_hw_i/axi_gpio_3/U0/AXI_LITE_IPIF_I/I_SLAVE_ATTACHMENT/SR[0]                                                                              |                1 |              5 |         5.00 |
|  fpga_hw_i/clk_wiz_1/inst/clk_out1                        | fpga_hw_i/microblaze_0/U0/MicroBlaze_Core_I/Performance.Core/Decode_I/wb_Halted                                                                                                                           | fpga_hw_i/microblaze_0/U0/MicroBlaze_Core_I/sync_reset                                                                                        |                1 |              5 |         5.00 |
|  fpga_hw_i/clk_wiz_1/inst/clk_out1                        |                                                                                                                                                                                                           | fpga_hw_i/axi_uartlite_0/U0/UARTLITE_CORE_I/UARTLITE_RX_I/SRL_FIFO_I/I_SRL_FIFO_RBU_F/CNTR_INCR_DECR_ADDN_F_I/SS[0]                           |                3 |              6 |         2.00 |
|  fpga_hw_i/mdm_1/U0/No_Dbg_Reg_Access.BUFG_DRCK/Dbg_Clk_0 | fpga_hw_i/mdm_1/U0/Use_E2.BSCAN_I/sel                                                                                                                                                                     |                                                                                                                                               |                3 |              6 |         2.00 |
|  fpga_hw_i/clk_wiz_1/inst/clk_out1                        |                                                                                                                                                                                                           | fpga_hw_i/axi_uartlite_0/U0/UARTLITE_CORE_I/UARTLITE_TX_I/SRL_FIFO_I/I_SRL_FIFO_RBU_F/CNTR_INCR_DECR_ADDN_F_I/SS[0]                           |                3 |              6 |         2.00 |
|  fpga_hw_i/mdm_1/U0/No_Dbg_Reg_Access.BUFG_DRCK/Dbg_Clk_0 | fpga_hw_i/mdm_1/U0/MDM_Core_I1/JTAG_CONTROL_I/Use_BSCAN.FDC_I/sample_1                                                                                                                                    |                                                                                                                                               |                1 |              6 |         6.00 |
|  fpga_hw_i/mdm_1/U0/No_Dbg_Reg_Access.BUFG_DRCK/Dbg_Clk_0 | fpga_hw_i/mdm_1/U0/Use_E2.BSCAN_I/Use_E2.BSCANE2_I_2                                                                                                                                                      |                                                                                                                                               |                1 |              6 |         6.00 |
|  fpga_hw_i/clk_wiz_1/inst/clk_out1                        | fpga_hw_i/rst_clk_wiz_1_100M/U0/SEQ/seq_cnt_en                                                                                                                                                            | fpga_hw_i/rst_clk_wiz_1_100M/U0/SEQ/SEQ_COUNTER/clear                                                                                         |                1 |              6 |         6.00 |
|  fpga_hw_i/clk_wiz_1/inst/clk_out1                        | fpga_hw_i/axi_uartlite_0/U0/UARTLITE_CORE_I/BAUD_RATE_I/en_16x_Baud                                                                                                                                       | fpga_hw_i/axi_uartlite_0/U0/UARTLITE_CORE_I/UARTLITE_RX_I/SERIAL_TO_PARALLEL[8].fifo_din[8]_i_1_n_0                                           |                1 |              7 |         7.00 |
|  fpga_hw_i/clk_wiz_1/inst/clk_out1                        |                                                                                                                                                                                                           | fpga_hw_i/xadc_wiz_0/U0/AXI_LITE_IPIF_I/I_SLAVE_ATTACHMENT/INCLUDE_DPHASE_TIMER.dpto_cnt0                                                     |                3 |              7 |         2.33 |
|  fpga_hw_i/clk_wiz_1/inst/clk_out1                        | fpga_hw_i/axi_uartlite_0/U0/UARTLITE_CORE_I/UARTLITE_RX_I/SRL_FIFO_I/I_SRL_FIFO_RBU_F/DYNSHREG_F_I/fifo_wr                                                                                                |                                                                                                                                               |                1 |              8 |         8.00 |
|  fpga_hw_i/clk_wiz_1/inst/clk_out1                        | fpga_hw_i/pmod_encoder_0/U0/pmod_encoder_v1_0_S00_AXI_inst/p_1_in[7]                                                                                                                                      | fpga_hw_i/pmod_encoder_0/U0/pmod_encoder_v1_0_S00_AXI_inst/axi_awready_i_1_n_0                                                                |                1 |              8 |         8.00 |
|  fpga_hw_i/clk_wiz_1/inst/clk_out1                        | fpga_hw_i/pmod_encoder_0/U0/pmod_encoder_v1_0_S00_AXI_inst/p_1_in[31]                                                                                                                                     | fpga_hw_i/pmod_encoder_0/U0/pmod_encoder_v1_0_S00_AXI_inst/axi_awready_i_1_n_0                                                                |                3 |              8 |         2.67 |
|  fpga_hw_i/clk_wiz_1/inst/clk_out1                        | fpga_hw_i/pmod_encoder_0/U0/pmod_encoder_v1_0_S00_AXI_inst/p_1_in[23]                                                                                                                                     | fpga_hw_i/pmod_encoder_0/U0/pmod_encoder_v1_0_S00_AXI_inst/axi_awready_i_1_n_0                                                                |                1 |              8 |         8.00 |
|  fpga_hw_i/clk_wiz_1/inst/clk_out1                        | fpga_hw_i/pmod_encoder_0/U0/pmod_encoder_v1_0_S00_AXI_inst/p_1_in[15]                                                                                                                                     | fpga_hw_i/pmod_encoder_0/U0/pmod_encoder_v1_0_S00_AXI_inst/axi_awready_i_1_n_0                                                                |                4 |              8 |         2.00 |
|  fpga_hw_i/mdm_1/U0/No_Dbg_Reg_Access.BUFG_DRCK/Dbg_Clk_0 | fpga_hw_i/microblaze_0/U0/MicroBlaze_Core_I/Performance.Core/Use_Debug_Logic.Master_Core.Debug_Perf/Using_PC_Breakpoints.All_PC_Brks[0].Serial_Interface_1.address_hit_I/Compare[0].SRLC16E_I/which_pc__0 |                                                                                                                                               |                7 |              8 |         1.14 |
|  fpga_hw_i/mdm_1/U0/No_Dbg_Reg_Access.BUFG_DRCK/Dbg_Clk_0 | fpga_hw_i/mdm_1/U0/MDM_Core_I1/JTAG_CONTROL_I/tdi_shifter0                                                                                                                                                |                                                                                                                                               |                1 |              8 |         8.00 |
| ~fpga_hw_i/mdm_1/U0/Use_E2.BSCAN_I/Dbg_Update_0_BUFG      | fpga_hw_i/mdm_1/U0/MDM_Core_I1/JTAG_CONTROL_I/Use_BSCAN.command[0]_i_1_n_0                                                                                                                                |                                                                                                                                               |                3 |              8 |         2.67 |
|  fpga_hw_i/clk_wiz_1/inst/clk_out1                        | fpga_hw_i/axi_uartlite_0/U0/AXI_LITE_IPIF_I/I_SLAVE_ATTACHMENT/I_DECODER/fifo_wr                                                                                                                          |                                                                                                                                               |                1 |              8 |         8.00 |
|  fpga_hw_i/mdm_1/U0/Use_E2.BSCAN_I/Dbg_Update_0_BUFG      | fpga_hw_i/mdm_1/U0/MDM_Core_I1/JTAG_CONTROL_I/Use_BSCAN.FDC_I/command_10                                                                                                                                  |                                                                                                                                               |                3 |              8 |         2.67 |
|  fpga_hw_i/clk_wiz_1/inst/clk_out1                        |                                                                                                                                                                                                           | fpga_hw_i/axi_gpio_1/U0/gpio_core_1/Read_Reg_Rst__0                                                                                           |                1 |              8 |         8.00 |
|  fpga_hw_i/clk_wiz_1/inst/clk_out1                        | fpga_hw_i/axi_gpio_2/U0/AXI_LITE_IPIF_I/I_SLAVE_ATTACHMENT/I_DECODER/bus2ip_rnw_i_reg[0]                                                                                                                  | fpga_hw_i/axi_gpio_2/U0/AXI_LITE_IPIF_I/I_SLAVE_ATTACHMENT/SR[0]                                                                              |                2 |              8 |         4.00 |
|  fpga_hw_i/clk_wiz_1/inst/clk_out1                        | fpga_hw_i/axi_uartlite_0/U0/AXI_LITE_IPIF_I/I_SLAVE_ATTACHMENT/s_axi_rresp_i                                                                                                                              | fpga_hw_i/axi_uartlite_0/U0/AXI_LITE_IPIF_I/I_SLAVE_ATTACHMENT/rst                                                                            |                2 |              8 |         4.00 |
|  fpga_hw_i/clk_wiz_1/inst/clk_out1                        | fpga_hw_i/axi_gpio_2/U0/AXI_LITE_IPIF_I/I_SLAVE_ATTACHMENT/s_axi_rresp_i                                                                                                                                  | fpga_hw_i/axi_gpio_2/U0/AXI_LITE_IPIF_I/I_SLAVE_ATTACHMENT/SR[0]                                                                              |                2 |              9 |         4.50 |
|  fpga_hw_i/clk_wiz_1/inst/clk_out1                        | fpga_hw_i/axi_gpio_1/U0/AXI_LITE_IPIF_I/I_SLAVE_ATTACHMENT/s_axi_rresp_i                                                                                                                                  | fpga_hw_i/axi_gpio_1/U0/AXI_LITE_IPIF_I/I_SLAVE_ATTACHMENT/SR[0]                                                                              |                3 |              9 |         3.00 |
|  fpga_hw_i/mdm_1/U0/No_Dbg_Reg_Access.BUFG_DRCK/Dbg_Clk_0 | fpga_hw_i/mdm_1/U0/MDM_Core_I1/JTAG_CONTROL_I/Use_BSCAN.FDC_I/Use_Serial_Unified_Completion.completion_block_reg                                                                                          |                                                                                                                                               |                4 |             10 |         2.50 |
|  fpga_hw_i/clk_wiz_1/inst/clk_out1                        |                                                                                                                                                                                                           | fpga_hw_i/axi_uartlite_0/U0/AXI_LITE_IPIF_I/I_SLAVE_ATTACHMENT/rst                                                                            |                6 |             10 |         1.67 |
|  fpga_hw_i/clk_wiz_1/inst/clk_out1                        | fpga_hw_i/microblaze_0_axi_periph/xbar/inst/gen_sasd.crossbar_sasd_0/reg_slice_r/aa_rready                                                                                                                |                                                                                                                                               |                3 |             15 |         5.00 |
|  fpga_hw_i/clk_wiz_1/inst/clk_out1                        | fpga_hw_i/axi_gpio_2/U0/AXI_LITE_IPIF_I/I_SLAVE_ATTACHMENT/I_DECODER/E[0]                                                                                                                                 | fpga_hw_i/axi_gpio_2/U0/AXI_LITE_IPIF_I/I_SLAVE_ATTACHMENT/SR[0]                                                                              |                5 |             16 |         3.20 |
|  fpga_hw_i/clk_wiz_1/inst/clk_out1                        |                                                                                                                                                                                                           | fpga_hw_i/xadc_wiz_0/U0/AXI_XADC_CORE_I/do_reg[15]_i_1_n_0                                                                                    |                2 |             16 |         8.00 |
|  fpga_hw_i/clk_wiz_1/inst/clk_out1                        | fpga_hw_i/axi_gpio_0/U0/AXI_LITE_IPIF_I/I_SLAVE_ATTACHMENT/I_DECODER/bus2ip_rnw_i_reg[0]                                                                                                                  | fpga_hw_i/axi_gpio_0/U0/AXI_LITE_IPIF_I/I_SLAVE_ATTACHMENT/SR[0]                                                                              |                2 |             16 |         8.00 |
|  fpga_hw_i/clk_wiz_1/inst/clk_out1                        |                                                                                                                                                                                                           | fpga_hw_i/axi_gpio_2/U0/AXI_LITE_IPIF_I/I_SLAVE_ATTACHMENT/I_DECODER/bus2ip_rnw_i_reg_1                                                       |                4 |             16 |         4.00 |
|  fpga_hw_i/clk_wiz_1/inst/clk_out1                        | fpga_hw_i/microblaze_0/U0/MicroBlaze_Core_I/Performance.Core/Decode_I/PreFetch_Buffer_I1/OF_Valid_DFF/E[0]                                                                                                | fpga_hw_i/microblaze_0/U0/MicroBlaze_Core_I/sync_reset                                                                                        |                6 |             16 |         2.67 |
|  fpga_hw_i/clk_wiz_1/inst/clk_out1                        | fpga_hw_i/axi_gpio_1/U0/AXI_LITE_IPIF_I/I_SLAVE_ATTACHMENT/I_DECODER/E[0]                                                                                                                                 | fpga_hw_i/axi_gpio_1/U0/AXI_LITE_IPIF_I/I_SLAVE_ATTACHMENT/SR[0]                                                                              |                3 |             16 |         5.33 |
|  fpga_hw_i/clk_wiz_1/inst/clk_out1                        | fpga_hw_i/xadc_wiz_0/U0/AXI_LITE_IPIF_I/I_SLAVE_ATTACHMENT/I_DECODER/E[0]                                                                                                                                 | fpga_hw_i/xadc_wiz_0/U0/AXI_LITE_IPIF_I/I_SLAVE_ATTACHMENT/reset2ip_reset                                                                     |                4 |             17 |         4.25 |
|  fpga_hw_i/clk_wiz_1/inst/clk_out1                        |                                                                                                                                                                                                           | fpga_hw_i/microblaze_0_axi_periph/xbar/inst/gen_sasd.crossbar_sasd_0/addr_arbiter_inst/SR[0]                                                  |                5 |             17 |         3.40 |
|  fpga_hw_i/clk_wiz_1/inst/clk_out1                        | fpga_hw_i/axi_gpio_0/U0/AXI_LITE_IPIF_I/I_SLAVE_ATTACHMENT/s_axi_rresp_i                                                                                                                                  | fpga_hw_i/axi_gpio_0/U0/AXI_LITE_IPIF_I/I_SLAVE_ATTACHMENT/SR[0]                                                                              |                4 |             17 |         4.25 |
|  fpga_hw_i/clk_wiz_1/inst/clk_out1                        | fpga_hw_i/xadc_wiz_0/U0/AXI_LITE_IPIF_I/I_SLAVE_ATTACHMENT/s_axi_rresp_i                                                                                                                                  | fpga_hw_i/xadc_wiz_0/U0/AXI_LITE_IPIF_I/I_SLAVE_ATTACHMENT/SR[0]                                                                              |                3 |             19 |         6.33 |
|  fpga_hw_i/clk_wiz_1/inst/clk_out1                        |                                                                                                                                                                                                           | fpga_hw_i/pmod_encoder_0/U0/pmod_encoder_v1_0_S00_AXI_inst/axi_awready_i_1_n_0                                                                |                7 |             19 |         2.71 |
|  fpga_hw_i/clk_wiz_1/inst/clk_out1                        |                                                                                                                                                                                                           | fpga_hw_i/axi_gpio_3/U0/AXI_LITE_IPIF_I/I_SLAVE_ATTACHMENT/SR[0]                                                                              |                9 |             20 |         2.22 |
|  fpga_hw_i/clk_wiz_1/inst/clk_out1                        | fpga_hw_i/microblaze_0/U0/MicroBlaze_Core_I/Performance.Core/Decode_I/mem_wait_on_ready_N_carry_or/MUXCY_I/lopt_1                                                                                         | fpga_hw_i/microblaze_0/U0/MicroBlaze_Core_I/sync_reset                                                                                        |                8 |             20 |         2.50 |
|  fpga_hw_i/mdm_1/U0/No_Dbg_Reg_Access.BUFG_DRCK/Dbg_Clk_0 |                                                                                                                                                                                                           | fpga_hw_i/mdm_1/U0/Use_E2.BSCAN_I/Use_E2.BSCANE2_I_4                                                                                          |                5 |             23 |         4.60 |
|  fpga_hw_i/clk_wiz_1/inst/clk_out1                        |                                                                                                                                                                                                           | fpga_hw_i/axi_gpio_1/U0/AXI_LITE_IPIF_I/I_SLAVE_ATTACHMENT/SR[0]                                                                              |                8 |             24 |         3.00 |
|  fpga_hw_i/clk_wiz_1/inst/clk_out1                        |                                                                                                                                                                                                           | fpga_hw_i/axi_gpio_2/U0/AXI_LITE_IPIF_I/I_SLAVE_ATTACHMENT/SR[0]                                                                              |                9 |             24 |         2.67 |
|  fpga_hw_i/clk_wiz_1/inst/clk_out1                        | fpga_hw_i/microblaze_0_axi_periph/xbar/inst/gen_sasd.crossbar_sasd_0/addr_arbiter_inst/p_0_in1_in                                                                                                         | fpga_hw_i/microblaze_0_axi_periph/xbar/inst/gen_sasd.crossbar_sasd_0/addr_arbiter_inst/SR[0]                                                  |                7 |             24 |         3.43 |
|  fpga_hw_i/clk_wiz_1/inst/clk_out1                        | fpga_hw_i/xadc_wiz_0/U0/AXI_LITE_IPIF_I/I_SLAVE_ATTACHMENT/I_DECODER/start                                                                                                                                | fpga_hw_i/xadc_wiz_0/U0/AXI_LITE_IPIF_I/I_SLAVE_ATTACHMENT/I_DECODER/cs_ce_clr                                                                |               10 |             25 |         2.50 |
|  fpga_hw_i/clk_wiz_1/inst/clk_out1                        |                                                                                                                                                                                                           | fpga_hw_i/xadc_wiz_0/U0/AXI_LITE_IPIF_I/I_SLAVE_ATTACHMENT/SR[0]                                                                              |                6 |             25 |         4.17 |
|  fpga_hw_i/clk_wiz_1/inst/clk_out1                        |                                                                                                                                                                                                           | fpga_hw_i/axi_uartlite_0/U0/UARTLITE_CORE_I/UARTLITE_RX_I/s_axi_aresetn_0                                                                     |                9 |             26 |         2.89 |
|  fpga_hw_i/clk_wiz_1/inst/clk_out1                        | fpga_hw_i/axi_uartlite_0/U0/UARTLITE_CORE_I/BAUD_RATE_I/en_16x_Baud                                                                                                                                       | fpga_hw_i/axi_uartlite_0/U0/UARTLITE_CORE_I/UARTLITE_RX_I/s_axi_aresetn_0                                                                     |                5 |             28 |         5.60 |
|  fpga_hw_i/clk_wiz_1/inst/clk_out1                        | fpga_hw_i/alarm_timer_0/U0/alarm_timer_v1_0_S00_AXI_inst/slv_reg_rden                                                                                                                                     | fpga_hw_i/alarm_timer_0/U0/alarm_timer_v1_0_S00_AXI_inst/clear                                                                                |               10 |             32 |         3.20 |
|  fpga_hw_i/clk_wiz_1/inst/clk_out1                        | fpga_hw_i/pmod_encoder_0/U0/pmod_encoder_v1_0_S00_AXI_inst/slv_reg_rden                                                                                                                                   | fpga_hw_i/pmod_encoder_0/U0/pmod_encoder_v1_0_S00_AXI_inst/axi_awready_i_1_n_0                                                                |               17 |             32 |         1.88 |
|  fpga_hw_i/clk_wiz_1/inst/clk_out1                        | fpga_hw_i/alarm_timer_0/U0/alarm_timer_v1_0_S00_AXI_inst/write_alarm0                                                                                                                                     | fpga_hw_i/alarm_timer_0/U0/alarm_timer_v1_0_S00_AXI_inst/clear                                                                                |                8 |             32 |         4.00 |
|  fpga_hw_i/clk_wiz_1/inst/clk_out1                        | fpga_hw_i/microblaze_0/U0/MicroBlaze_Core_I/Performance.Core/Decode_I/mem_wait_on_ready_N_carry_or/MUXCY_I/lopt_1                                                                                         |                                                                                                                                               |                7 |             32 |         4.57 |
|  fpga_hw_i/clk_wiz_1/inst/clk_out1                        | fpga_hw_i/microblaze_0/U0/MicroBlaze_Core_I/Performance.Core/Use_Debug_Logic.Master_Core.Debug_Perf/data_rd_reg[0]_i_1_n_0                                                                                | fpga_hw_i/microblaze_0/U0/MicroBlaze_Core_I/sync_reset                                                                                        |               10 |             32 |         3.20 |
|  fpga_hw_i/clk_wiz_1/inst/clk_out1                        |                                                                                                                                                                                                           | fpga_hw_i/microblaze_0/U0/MicroBlaze_Core_I/Performance.Core/wb_dlmb_valid_read_data0                                                         |                8 |             32 |         4.00 |
|  fpga_hw_i/clk_wiz_1/inst/clk_out1                        |                                                                                                                                                                                                           | fpga_hw_i/axi_gpio_0/U0/AXI_LITE_IPIF_I/I_SLAVE_ATTACHMENT/I_DECODER/bus2ip_rnw_i_reg_0                                                       |                8 |             32 |         4.00 |
|  fpga_hw_i/clk_wiz_1/inst/clk_out1                        |                                                                                                                                                                                                           | fpga_hw_i/axi_gpio_0/U0/AXI_LITE_IPIF_I/I_SLAVE_ATTACHMENT/SR[0]                                                                              |               11 |             32 |         2.91 |
|  fpga_hw_i/clk_wiz_1/inst/clk_out1                        | fpga_hw_i/microblaze_0/U0/MicroBlaze_Core_I/Performance.Core/Decode_I/Use_MuxCy[3].OF_Piperun_Stage/MUXCY_I/Using_FPGA.Native_0                                                                           | fpga_hw_i/microblaze_0/U0/MicroBlaze_Core_I/Performance.Core/Decode_I/R                                                                       |               12 |             32 |         2.67 |
|  fpga_hw_i/clk_wiz_1/inst/clk_out1                        | fpga_hw_i/microblaze_0/U0/MicroBlaze_Core_I/Performance.Core/Decode_I/Use_MuxCy[3].OF_Piperun_Stage/MUXCY_I/E[0]                                                                                          | fpga_hw_i/microblaze_0/U0/MicroBlaze_Core_I/sync_reset                                                                                        |                6 |             32 |         5.33 |
|  fpga_hw_i/clk_wiz_1/inst/clk_out1                        | fpga_hw_i/microblaze_0/U0/MicroBlaze_Core_I/Performance.Core/Decode_I/PreFetch_Buffer_I1/Gen_Mux_Select_LUT6[1].Gen_Sel_DFF/if_fetch_in_progress_reg[0]                                                   | fpga_hw_i/microblaze_0/U0/MicroBlaze_Core_I/sync_reset                                                                                        |                5 |             32 |         6.40 |
|  fpga_hw_i/clk_wiz_1/inst/clk_out1                        | fpga_hw_i/microblaze_0_axi_periph/xbar/inst/gen_sasd.crossbar_sasd_0/reg_slice_r/s_axi_rvalid[0]                                                                                                          | fpga_hw_i/microblaze_0/U0/MicroBlaze_Core_I/sync_reset                                                                                        |                8 |             32 |         4.00 |
|  fpga_hw_i/clk_wiz_1/inst/clk_out1                        | fpga_hw_i/microblaze_0/U0/MicroBlaze_Core_I/Performance.Core/Decode_I/mem_wait_on_ready_N_carry_or/MUXCY_I/lopt_1                                                                                         | fpga_hw_i/microblaze_0/U0/MicroBlaze_Core_I/Performance.Core/Decode_I/SR[0]                                                                   |               10 |             32 |         3.20 |
|  fpga_hw_i/clk_wiz_1/inst/clk_out1                        | fpga_hw_i/axi_gpio_0/U0/AXI_LITE_IPIF_I/I_SLAVE_ATTACHMENT/I_DECODER/E[0]                                                                                                                                 | fpga_hw_i/axi_gpio_0/U0/AXI_LITE_IPIF_I/I_SLAVE_ATTACHMENT/SR[0]                                                                              |                6 |             32 |         5.33 |
|  fpga_hw_i/mdm_1/U0/No_Dbg_Reg_Access.BUFG_DRCK/Dbg_Clk_0 | fpga_hw_i/microblaze_0/U0/MicroBlaze_Core_I/Performance.Core/Use_Debug_Logic.Master_Core.Debug_Perf/Serial_Dbg_Intf.New_Dbg_Instr_TCK                                                                     |                                                                                                                                               |               10 |             32 |         3.20 |
|  fpga_hw_i/clk_wiz_1/inst/clk_out1                        | fpga_hw_i/alarm_timer_0/U0/alarm_timer_v1_0_S00_AXI_inst/alarm1_value_1                                                                                                                                   |                                                                                                                                               |                8 |             32 |         4.00 |
|  fpga_hw_i/clk_wiz_1/inst/clk_out1                        | fpga_hw_i/pmod_encoder_0/U0/pmod_encoder_v1_0_S00_AXI_inst/counter                                                                                                                                        | fpga_hw_i/pmod_encoder_0/U0/pmod_encoder_v1_0_S00_AXI_inst/axi_awready_i_1_n_0                                                                |                8 |             32 |         4.00 |
|  fpga_hw_i/clk_wiz_1/inst/clk_out1                        | fpga_hw_i/microblaze_0_axi_periph/xbar/inst/gen_sasd.crossbar_sasd_0/addr_arbiter_inst/E[0]                                                                                                               |                                                                                                                                               |                8 |             33 |         4.12 |
|  fpga_hw_i/clk_wiz_1/inst/clk_out1                        |                                                                                                                                                                                                           | fpga_hw_i/alarm_timer_0/U0/alarm_timer_v1_0_S00_AXI_inst/clear                                                                                |               11 |             42 |         3.82 |
|  fpga_hw_i/mdm_1/U0/No_Dbg_Reg_Access.BUFG_DRCK/Dbg_Clk_0 | fpga_hw_i/mdm_1/U0/Use_E2.BSCAN_I/Use_E2.BSCANE2_I_0                                                                                                                                                      |                                                                                                                                               |               11 |             47 |         4.27 |
|  fpga_hw_i/clk_wiz_1/inst/clk_out1                        | fpga_hw_i/microblaze_0/U0/MicroBlaze_Core_I/Performance.Core/Decode_I/PreFetch_Buffer_I1/Instruction_Prefetch_Mux[42].Instr_Mux_MUXF7/IReady_0                                                            |                                                                                                                                               |               11 |             75 |         6.82 |
|  fpga_hw_i/mdm_1/U0/No_Dbg_Reg_Access.BUFG_DRCK/Dbg_Clk_0 |                                                                                                                                                                                                           |                                                                                                                                               |               29 |             80 |         2.76 |
|  fpga_hw_i/clk_wiz_1/inst/clk_out1                        | fpga_hw_i/microblaze_0/U0/MicroBlaze_Core_I/Performance.Core/Decode_I/Use_MuxCy[3].OF_Piperun_Stage/MUXCY_I/Using_FPGA.Native_0                                                                           | fpga_hw_i/microblaze_0/U0/MicroBlaze_Core_I/sync_reset                                                                                        |               32 |             84 |         2.62 |
|  fpga_hw_i/clk_wiz_1/inst/clk_out1                        |                                                                                                                                                                                                           | fpga_hw_i/xadc_wiz_0/U0/AXI_LITE_IPIF_I/I_SLAVE_ATTACHMENT/reset2ip_reset                                                                     |               23 |            114 |         4.96 |
|  fpga_hw_i/clk_wiz_1/inst/clk_out1                        | fpga_hw_i/microblaze_0/U0/MicroBlaze_Core_I/Performance.Core/Decode_I/WB_GPR_Wr                                                                                                                           |                                                                                                                                               |               16 |            128 |         8.00 |
|  fpga_hw_i/clk_wiz_1/inst/clk_out1                        |                                                                                                                                                                                                           | fpga_hw_i/microblaze_0/U0/MicroBlaze_Core_I/sync_reset                                                                                        |               67 |            150 |         2.24 |
|  fpga_hw_i/clk_wiz_1/inst/clk_out1                        | fpga_hw_i/microblaze_0/U0/MicroBlaze_Core_I/Performance.Core/Decode_I/Use_MuxCy[11].OF_Piperun_Stage/MUXCY_I/Using_FPGA.Native_0                                                                          | fpga_hw_i/microblaze_0/U0/MicroBlaze_Core_I/sync_reset                                                                                        |               72 |            218 |         3.03 |
|  fpga_hw_i/clk_wiz_1/inst/clk_out1                        |                                                                                                                                                                                                           |                                                                                                                                               |               98 |            283 |         2.89 |
+-----------------------------------------------------------+-----------------------------------------------------------------------------------------------------------------------------------------------------------------------------------------------------------+-----------------------------------------------------------------------------------------------------------------------------------------------+------------------+----------------+--------------+


