01:07:30 DEBUG : Logs will be stored at 'D:/EECE351/Lab/Lab7/workplace2/IDE.log'.
01:07:33 INFO  : Launching XSCT server: xsct.bat -n  -interactive D:\EECE351\Lab\Lab7\workplace2\temp_xsdb_launch_script.tcl
01:07:33 INFO  : Registering command handlers for Vitis TCF services
01:07:33 INFO  : Platform repository initialization has completed.
01:07:35 INFO  : XSCT server has started successfully.
01:07:35 INFO  : plnx-install-location is set to ''
01:07:35 INFO  : Successfully done setting XSCT server connection channel  
01:07:35 INFO  : Successfully done query RDI_DATADIR 
01:07:35 INFO  : Successfully done setting workspace for the tool. 
01:08:06 INFO  : Result from executing command 'getProjects': Lab7_sw_wrapper_v2
01:08:06 INFO  : Result from executing command 'getPlatforms': xilinx_zcu102_base_202210_1|C:/Xilinx/Vitis/2022.1/base_platforms/xilinx_zcu102_base_202210_1/xilinx_zcu102_base_202210_1.xpfm;xilinx_zcu102_base_dfx_202210_1|C:/Xilinx/Vitis/2022.1/base_platforms/xilinx_zcu102_base_dfx_202210_1/xilinx_zcu102_base_dfx_202210_1.xpfm;xilinx_zcu104_base_202210_1|C:/Xilinx/Vitis/2022.1/base_platforms/xilinx_zcu104_base_202210_1/xilinx_zcu104_base_202210_1.xpfm
01:08:06 WARN  : An unexpected exception occurred in the module 'platform project logging'
01:08:06 INFO  : Platform 'Lab7_sw_wrapper_v2' is added to custom repositories.
01:08:08 INFO  : Platform 'Lab7_sw_wrapper_v2' is added to custom repositories.
01:08:31 INFO  : Result from executing command 'getProjects': Lab7_sw_wrapper_v2
01:08:31 INFO  : Result from executing command 'getPlatforms': xilinx_zcu102_base_202210_1|C:/Xilinx/Vitis/2022.1/base_platforms/xilinx_zcu102_base_202210_1/xilinx_zcu102_base_202210_1.xpfm;xilinx_zcu102_base_dfx_202210_1|C:/Xilinx/Vitis/2022.1/base_platforms/xilinx_zcu102_base_dfx_202210_1/xilinx_zcu102_base_dfx_202210_1.xpfm;xilinx_zcu104_base_202210_1|C:/Xilinx/Vitis/2022.1/base_platforms/xilinx_zcu104_base_202210_1/xilinx_zcu104_base_202210_1.xpfm
01:08:31 INFO  : Checking for BSP changes to sync application flags for project 'Lab7_sw2'...
01:08:41 INFO  : Connected to target on host '127.0.0.1' and port '3121'.
01:08:42 INFO  : Jtag cable 'Digilent Basys3 210183BB407EA' is selected.
01:08:42 INFO  : 'jtag frequency' command is executed.
01:08:42 INFO  : 'targets -set -filter {jtag_cable_name =~ "Digilent Basys3 210183BB407EA" && level==0 && jtag_device_ctx=="jsn-Basys3-210183BB407EA-0362d093-0"}' command is executed.
01:08:42 INFO  : Device configured successfully with "D:/EECE351/Lab/Lab7/workplace2/Lab7_sw2/_ide/bitstream/Lab7_sw_wrapper_v2.bit"
01:08:42 INFO  : Context for processor 'microblaze_0' is selected.
01:08:43 INFO  : Hardware design and registers information is loaded from 'D:/EECE351/Lab/Lab7/workplace2/Lab7_sw_wrapper_v2/export/Lab7_sw_wrapper_v2/hw/Lab7_sw_wrapper_v2.xsa'.
01:08:43 INFO  : 'configparams mdm-detect-bscan-mask 2' command is executed.
01:08:43 INFO  : Context for processor 'microblaze_0' is selected.
01:08:43 INFO  : System reset is completed.
01:08:46 INFO  : 'after 3000' command is executed.
01:08:46 INFO  : Context for processor 'microblaze_0' is selected.
01:08:46 INFO  : The application 'D:/EECE351/Lab/Lab7/workplace2/Lab7_sw2/Debug/Lab7_sw2.elf' is downloaded to processor 'microblaze_0'.
01:08:46 INFO  : ----------------XSDB Script----------------
connect -url tcp:127.0.0.1:3121
targets -set -filter {jtag_cable_name =~ "Digilent Basys3 210183BB407EA" && level==0 && jtag_device_ctx=="jsn-Basys3-210183BB407EA-0362d093-0"}
fpga -file D:/EECE351/Lab/Lab7/workplace2/Lab7_sw2/_ide/bitstream/Lab7_sw_wrapper_v2.bit
targets -set -nocase -filter {name =~ "*microblaze*#0" && bscan=="USER2" }
loadhw -hw D:/EECE351/Lab/Lab7/workplace2/Lab7_sw_wrapper_v2/export/Lab7_sw_wrapper_v2/hw/Lab7_sw_wrapper_v2.xsa -regs
configparams mdm-detect-bscan-mask 2
targets -set -nocase -filter {name =~ "*microblaze*#0" && bscan=="USER2" }
rst -system
after 3000
targets -set -nocase -filter {name =~ "*microblaze*#0" && bscan=="USER2" }
dow D:/EECE351/Lab/Lab7/workplace2/Lab7_sw2/Debug/Lab7_sw2.elf
----------------End of Script----------------

01:08:46 INFO  : Context for processor 'microblaze_0' is selected.
01:08:46 INFO  : 'con' command is executed.
01:08:46 INFO  : ----------------XSDB Script (After Launch)----------------
targets -set -nocase -filter {name =~ "*microblaze*#0" && bscan=="USER2" }
con
----------------End of Script----------------

01:08:46 INFO  : Launch script is exported to file 'D:\EECE351\Lab\Lab7\workplace2\Lab7_sw2_system\_ide\scripts\systemdebugger_lab7_sw2_system_standalone.tcl'
01:09:29 INFO  : Checking for BSP changes to sync application flags for project 'Lab7_sw2'...
01:09:35 INFO  : Disconnected from the channel tcfchan#2.
01:09:36 INFO  : Connected to target on host '127.0.0.1' and port '3121'.
01:09:36 INFO  : Jtag cable 'Digilent Basys3 210183BB407EA' is selected.
01:09:36 INFO  : 'jtag frequency' command is executed.
01:09:36 INFO  : 'targets -set -filter {jtag_cable_name =~ "Digilent Basys3 210183BB407EA" && level==0 && jtag_device_ctx=="jsn-Basys3-210183BB407EA-0362d093-0"}' command is executed.
01:09:36 INFO  : Device configured successfully with "D:/EECE351/Lab/Lab7/workplace2/Lab7_sw2/_ide/bitstream/Lab7_sw_wrapper_v2.bit"
01:09:36 INFO  : Context for processor 'microblaze_0' is selected.
01:09:36 INFO  : Hardware design and registers information is loaded from 'D:/EECE351/Lab/Lab7/workplace2/Lab7_sw_wrapper_v2/export/Lab7_sw_wrapper_v2/hw/Lab7_sw_wrapper_v2.xsa'.
01:09:36 INFO  : 'configparams mdm-detect-bscan-mask 2' command is executed.
01:09:36 INFO  : Context for processor 'microblaze_0' is selected.
01:09:36 INFO  : System reset is completed.
01:09:39 INFO  : 'after 3000' command is executed.
01:09:39 INFO  : Context for processor 'microblaze_0' is selected.
01:09:39 INFO  : The application 'D:/EECE351/Lab/Lab7/workplace2/Lab7_sw2/Debug/Lab7_sw2.elf' is downloaded to processor 'microblaze_0'.
01:09:39 INFO  : ----------------XSDB Script----------------
connect -url tcp:127.0.0.1:3121
targets -set -filter {jtag_cable_name =~ "Digilent Basys3 210183BB407EA" && level==0 && jtag_device_ctx=="jsn-Basys3-210183BB407EA-0362d093-0"}
fpga -file D:/EECE351/Lab/Lab7/workplace2/Lab7_sw2/_ide/bitstream/Lab7_sw_wrapper_v2.bit
targets -set -nocase -filter {name =~ "*microblaze*#0" && bscan=="USER2" }
loadhw -hw D:/EECE351/Lab/Lab7/workplace2/Lab7_sw_wrapper_v2/export/Lab7_sw_wrapper_v2/hw/Lab7_sw_wrapper_v2.xsa -regs
configparams mdm-detect-bscan-mask 2
targets -set -nocase -filter {name =~ "*microblaze*#0" && bscan=="USER2" }
rst -system
after 3000
targets -set -nocase -filter {name =~ "*microblaze*#0" && bscan=="USER2" }
dow D:/EECE351/Lab/Lab7/workplace2/Lab7_sw2/Debug/Lab7_sw2.elf
----------------End of Script----------------

01:09:40 INFO  : Context for processor 'microblaze_0' is selected.
01:09:40 INFO  : 'con' command is executed.
01:09:40 INFO  : ----------------XSDB Script (After Launch)----------------
targets -set -nocase -filter {name =~ "*microblaze*#0" && bscan=="USER2" }
con
----------------End of Script----------------

01:09:40 INFO  : Launch script is exported to file 'D:\EECE351\Lab\Lab7\workplace2\Lab7_sw2_system\_ide\scripts\systemdebugger_lab7_sw2_system_standalone.tcl'
01:10:52 INFO  : Checking for BSP changes to sync application flags for project 'Lab7_sw2'...
01:11:02 INFO  : Checking for BSP changes to sync application flags for project 'Lab7_sw2'...
01:11:07 INFO  : Disconnected from the channel tcfchan#3.
01:11:07 INFO  : Connected to target on host '127.0.0.1' and port '3121'.
01:11:07 INFO  : Jtag cable 'Digilent Basys3 210183BB407EA' is selected.
01:11:07 INFO  : 'jtag frequency' command is executed.
01:11:07 INFO  : 'targets -set -filter {jtag_cable_name =~ "Digilent Basys3 210183BB407EA" && level==0 && jtag_device_ctx=="jsn-Basys3-210183BB407EA-0362d093-0"}' command is executed.
01:11:07 INFO  : Device configured successfully with "D:/EECE351/Lab/Lab7/workplace2/Lab7_sw2/_ide/bitstream/Lab7_sw_wrapper_v2.bit"
01:11:07 INFO  : Context for processor 'microblaze_0' is selected.
01:11:07 INFO  : Hardware design and registers information is loaded from 'D:/EECE351/Lab/Lab7/workplace2/Lab7_sw_wrapper_v2/export/Lab7_sw_wrapper_v2/hw/Lab7_sw_wrapper_v2.xsa'.
01:11:07 INFO  : 'configparams mdm-detect-bscan-mask 2' command is executed.
01:11:07 INFO  : Context for processor 'microblaze_0' is selected.
01:11:07 INFO  : System reset is completed.
01:11:10 INFO  : 'after 3000' command is executed.
01:11:10 INFO  : Context for processor 'microblaze_0' is selected.
01:11:11 INFO  : The application 'D:/EECE351/Lab/Lab7/workplace2/Lab7_sw2/Debug/Lab7_sw2.elf' is downloaded to processor 'microblaze_0'.
01:11:11 INFO  : ----------------XSDB Script----------------
connect -url tcp:127.0.0.1:3121
targets -set -filter {jtag_cable_name =~ "Digilent Basys3 210183BB407EA" && level==0 && jtag_device_ctx=="jsn-Basys3-210183BB407EA-0362d093-0"}
fpga -file D:/EECE351/Lab/Lab7/workplace2/Lab7_sw2/_ide/bitstream/Lab7_sw_wrapper_v2.bit
targets -set -nocase -filter {name =~ "*microblaze*#0" && bscan=="USER2" }
loadhw -hw D:/EECE351/Lab/Lab7/workplace2/Lab7_sw_wrapper_v2/export/Lab7_sw_wrapper_v2/hw/Lab7_sw_wrapper_v2.xsa -regs
configparams mdm-detect-bscan-mask 2
targets -set -nocase -filter {name =~ "*microblaze*#0" && bscan=="USER2" }
rst -system
after 3000
targets -set -nocase -filter {name =~ "*microblaze*#0" && bscan=="USER2" }
dow D:/EECE351/Lab/Lab7/workplace2/Lab7_sw2/Debug/Lab7_sw2.elf
----------------End of Script----------------

01:11:11 INFO  : Context for processor 'microblaze_0' is selected.
01:11:11 INFO  : 'con' command is executed.
01:11:11 INFO  : ----------------XSDB Script (After Launch)----------------
targets -set -nocase -filter {name =~ "*microblaze*#0" && bscan=="USER2" }
con
----------------End of Script----------------

01:11:11 INFO  : Launch script is exported to file 'D:\EECE351\Lab\Lab7\workplace2\Lab7_sw2_system\_ide\scripts\systemdebugger_lab7_sw2_system_standalone.tcl'
01:27:11 INFO  : Checking for BSP changes to sync application flags for project 'Lab7_sw2'...
01:27:17 INFO  : Checking for BSP changes to sync application flags for project 'Lab7_sw2'...
01:27:56 INFO  : Checking for BSP changes to sync application flags for project 'Lab7_sw2'...
01:28:04 INFO  : Checking for BSP changes to sync application flags for project 'Lab7_sw2'...
01:29:01 INFO  : Checking for BSP changes to sync application flags for project 'Lab7_sw2'...
01:29:10 INFO  : Checking for BSP changes to sync application flags for project 'Lab7_sw2'...
01:29:16 INFO  : Disconnected from the channel tcfchan#4.
01:29:16 INFO  : Connected to target on host '127.0.0.1' and port '3121'.
01:29:16 INFO  : Jtag cable 'Digilent Basys3 210183BB407EA' is selected.
01:29:16 INFO  : 'jtag frequency' command is executed.
01:29:16 INFO  : 'targets -set -filter {jtag_cable_name =~ "Digilent Basys3 210183BB407EA" && level==0 && jtag_device_ctx=="jsn-Basys3-210183BB407EA-0362d093-0"}' command is executed.
01:29:16 INFO  : Device configured successfully with "D:/EECE351/Lab/Lab7/workplace2/Lab7_sw2/_ide/bitstream/Lab7_sw_wrapper_v2.bit"
01:29:17 INFO  : Context for processor 'microblaze_0' is selected.
01:29:17 INFO  : Hardware design and registers information is loaded from 'D:/EECE351/Lab/Lab7/workplace2/Lab7_sw_wrapper_v2/export/Lab7_sw_wrapper_v2/hw/Lab7_sw_wrapper_v2.xsa'.
01:29:17 INFO  : 'configparams mdm-detect-bscan-mask 2' command is executed.
01:29:17 INFO  : Context for processor 'microblaze_0' is selected.
01:29:17 INFO  : System reset is completed.
01:29:20 INFO  : 'after 3000' command is executed.
01:29:20 INFO  : Context for processor 'microblaze_0' is selected.
01:29:20 INFO  : The application 'D:/EECE351/Lab/Lab7/workplace2/Lab7_sw2/Debug/Lab7_sw2.elf' is downloaded to processor 'microblaze_0'.
01:29:20 INFO  : ----------------XSDB Script----------------
connect -url tcp:127.0.0.1:3121
targets -set -filter {jtag_cable_name =~ "Digilent Basys3 210183BB407EA" && level==0 && jtag_device_ctx=="jsn-Basys3-210183BB407EA-0362d093-0"}
fpga -file D:/EECE351/Lab/Lab7/workplace2/Lab7_sw2/_ide/bitstream/Lab7_sw_wrapper_v2.bit
targets -set -nocase -filter {name =~ "*microblaze*#0" && bscan=="USER2" }
loadhw -hw D:/EECE351/Lab/Lab7/workplace2/Lab7_sw_wrapper_v2/export/Lab7_sw_wrapper_v2/hw/Lab7_sw_wrapper_v2.xsa -regs
configparams mdm-detect-bscan-mask 2
targets -set -nocase -filter {name =~ "*microblaze*#0" && bscan=="USER2" }
rst -system
after 3000
targets -set -nocase -filter {name =~ "*microblaze*#0" && bscan=="USER2" }
dow D:/EECE351/Lab/Lab7/workplace2/Lab7_sw2/Debug/Lab7_sw2.elf
----------------End of Script----------------

01:29:20 INFO  : Context for processor 'microblaze_0' is selected.
01:29:20 INFO  : 'con' command is executed.
01:29:20 INFO  : ----------------XSDB Script (After Launch)----------------
targets -set -nocase -filter {name =~ "*microblaze*#0" && bscan=="USER2" }
con
----------------End of Script----------------

01:29:20 INFO  : Launch script is exported to file 'D:\EECE351\Lab\Lab7\workplace2\Lab7_sw2_system\_ide\scripts\systemdebugger_lab7_sw2_system_standalone.tcl'
01:54:30 INFO  : Disconnected from the channel tcfchan#5.
