00:32:43 DEBUG : Logs will be stored at 'D:/EECE351/Lab/Lab7/workplace/IDE.log'.
00:32:46 INFO  : Launching XSCT server: xsct.bat -n  -interactive D:\EECE351\Lab\Lab7\workplace\temp_xsdb_launch_script.tcl
00:32:46 INFO  : Registering command handlers for Vitis TCF services
00:32:46 INFO  : Platform repository initialization has completed.
00:32:48 INFO  : XSCT server has started successfully.
00:32:48 INFO  : plnx-install-location is set to ''
00:32:48 INFO  : Successfully done setting XSCT server connection channel  
00:32:48 INFO  : Successfully done query RDI_DATADIR 
00:32:48 INFO  : Successfully done setting workspace for the tool. 
00:33:11 INFO  : Result from executing command 'getProjects': Lab7_sw_wrapper
00:33:11 INFO  : Result from executing command 'getPlatforms': xilinx_zcu102_base_202210_1|C:/Xilinx/Vitis/2022.1/base_platforms/xilinx_zcu102_base_202210_1/xilinx_zcu102_base_202210_1.xpfm;xilinx_zcu102_base_dfx_202210_1|C:/Xilinx/Vitis/2022.1/base_platforms/xilinx_zcu102_base_dfx_202210_1/xilinx_zcu102_base_dfx_202210_1.xpfm;xilinx_zcu104_base_202210_1|C:/Xilinx/Vitis/2022.1/base_platforms/xilinx_zcu104_base_202210_1/xilinx_zcu104_base_202210_1.xpfm
00:33:12 WARN  : An unexpected exception occurred in the module 'platform project logging'
00:33:12 INFO  : Platform 'Lab7_sw_wrapper' is added to custom repositories.
00:33:14 INFO  : Platform 'Lab7_sw_wrapper' is added to custom repositories.
00:36:15 INFO  : Result from executing command 'getProjects': Lab7_sw_wrapper
00:36:15 INFO  : Result from executing command 'getPlatforms': xilinx_zcu102_base_202210_1|C:/Xilinx/Vitis/2022.1/base_platforms/xilinx_zcu102_base_202210_1/xilinx_zcu102_base_202210_1.xpfm;xilinx_zcu102_base_dfx_202210_1|C:/Xilinx/Vitis/2022.1/base_platforms/xilinx_zcu102_base_dfx_202210_1/xilinx_zcu102_base_dfx_202210_1.xpfm;xilinx_zcu104_base_202210_1|C:/Xilinx/Vitis/2022.1/base_platforms/xilinx_zcu104_base_202210_1/xilinx_zcu104_base_202210_1.xpfm
00:36:16 INFO  : Checking for BSP changes to sync application flags for project 'Lab7_sw'...
00:36:24 INFO  : Connected to target on host '127.0.0.1' and port '3121'.
00:36:24 INFO  : Jtag cable 'Digilent Basys3 210183BB407EA' is selected.
00:36:25 INFO  : 'jtag frequency' command is executed.
00:36:25 INFO  : 'targets -set -filter {jtag_cable_name =~ "Digilent Basys3 210183BB407EA" && level==0 && jtag_device_ctx=="jsn-Basys3-210183BB407EA-0362d093-0"}' command is executed.
00:36:25 INFO  : Device configured successfully with "D:/EECE351/Lab/Lab7/workplace/Lab7_sw/_ide/bitstream/Lab7_sw_wrapper.bit"
00:36:25 INFO  : Context for processor 'microblaze_0' is selected.
00:36:26 INFO  : Hardware design and registers information is loaded from 'D:/EECE351/Lab/Lab7/workplace/Lab7_sw_wrapper/export/Lab7_sw_wrapper/hw/Lab7_sw_wrapper.xsa'.
00:36:26 INFO  : 'configparams mdm-detect-bscan-mask 2' command is executed.
00:36:26 INFO  : Context for processor 'microblaze_0' is selected.
00:36:26 INFO  : System reset is completed.
00:36:29 INFO  : 'after 3000' command is executed.
00:36:29 INFO  : Context for processor 'microblaze_0' is selected.
00:36:29 INFO  : The application 'D:/EECE351/Lab/Lab7/workplace/Lab7_sw/Debug/Lab7_sw.elf' is downloaded to processor 'microblaze_0'.
00:36:29 INFO  : ----------------XSDB Script----------------
connect -url tcp:127.0.0.1:3121
targets -set -filter {jtag_cable_name =~ "Digilent Basys3 210183BB407EA" && level==0 && jtag_device_ctx=="jsn-Basys3-210183BB407EA-0362d093-0"}
fpga -file D:/EECE351/Lab/Lab7/workplace/Lab7_sw/_ide/bitstream/Lab7_sw_wrapper.bit
targets -set -nocase -filter {name =~ "*microblaze*#0" && bscan=="USER2" }
loadhw -hw D:/EECE351/Lab/Lab7/workplace/Lab7_sw_wrapper/export/Lab7_sw_wrapper/hw/Lab7_sw_wrapper.xsa -regs
configparams mdm-detect-bscan-mask 2
targets -set -nocase -filter {name =~ "*microblaze*#0" && bscan=="USER2" }
rst -system
after 3000
targets -set -nocase -filter {name =~ "*microblaze*#0" && bscan=="USER2" }
dow D:/EECE351/Lab/Lab7/workplace/Lab7_sw/Debug/Lab7_sw.elf
----------------End of Script----------------

00:36:29 INFO  : Context for processor 'microblaze_0' is selected.
00:36:29 INFO  : 'con' command is executed.
00:36:29 INFO  : ----------------XSDB Script (After Launch)----------------
targets -set -nocase -filter {name =~ "*microblaze*#0" && bscan=="USER2" }
con
----------------End of Script----------------

00:36:29 INFO  : Launch script is exported to file 'D:\EECE351\Lab\Lab7\workplace\Lab7_sw_system\_ide\scripts\systemdebugger_lab7_sw_system_standalone.tcl'
00:41:12 INFO  : Checking for BSP changes to sync application flags for project 'Lab7_sw'...
00:41:20 INFO  : Checking for BSP changes to sync application flags for project 'Lab7_sw'...
00:41:25 INFO  : Disconnected from the channel tcfchan#2.
00:41:25 INFO  : Connected to target on host '127.0.0.1' and port '3121'.
00:41:26 INFO  : Jtag cable 'Digilent Basys3 210183BB407EA' is selected.
00:41:26 INFO  : 'jtag frequency' command is executed.
00:41:26 INFO  : 'targets -set -filter {jtag_cable_name =~ "Digilent Basys3 210183BB407EA" && level==0 && jtag_device_ctx=="jsn-Basys3-210183BB407EA-0362d093-0"}' command is executed.
00:41:26 INFO  : Device configured successfully with "D:/EECE351/Lab/Lab7/workplace/Lab7_sw/_ide/bitstream/Lab7_sw_wrapper.bit"
00:41:26 INFO  : Context for processor 'microblaze_0' is selected.
00:41:26 INFO  : Hardware design and registers information is loaded from 'D:/EECE351/Lab/Lab7/workplace/Lab7_sw_wrapper/export/Lab7_sw_wrapper/hw/Lab7_sw_wrapper.xsa'.
00:41:26 INFO  : 'configparams mdm-detect-bscan-mask 2' command is executed.
00:41:26 INFO  : Context for processor 'microblaze_0' is selected.
00:41:26 INFO  : System reset is completed.
00:41:29 INFO  : 'after 3000' command is executed.
00:41:29 INFO  : Context for processor 'microblaze_0' is selected.
00:41:29 INFO  : The application 'D:/EECE351/Lab/Lab7/workplace/Lab7_sw/Debug/Lab7_sw.elf' is downloaded to processor 'microblaze_0'.
00:41:29 INFO  : ----------------XSDB Script----------------
connect -url tcp:127.0.0.1:3121
targets -set -filter {jtag_cable_name =~ "Digilent Basys3 210183BB407EA" && level==0 && jtag_device_ctx=="jsn-Basys3-210183BB407EA-0362d093-0"}
fpga -file D:/EECE351/Lab/Lab7/workplace/Lab7_sw/_ide/bitstream/Lab7_sw_wrapper.bit
targets -set -nocase -filter {name =~ "*microblaze*#0" && bscan=="USER2" }
loadhw -hw D:/EECE351/Lab/Lab7/workplace/Lab7_sw_wrapper/export/Lab7_sw_wrapper/hw/Lab7_sw_wrapper.xsa -regs
configparams mdm-detect-bscan-mask 2
targets -set -nocase -filter {name =~ "*microblaze*#0" && bscan=="USER2" }
rst -system
after 3000
targets -set -nocase -filter {name =~ "*microblaze*#0" && bscan=="USER2" }
dow D:/EECE351/Lab/Lab7/workplace/Lab7_sw/Debug/Lab7_sw.elf
----------------End of Script----------------

00:41:29 INFO  : Context for processor 'microblaze_0' is selected.
00:41:30 INFO  : 'con' command is executed.
00:41:30 INFO  : ----------------XSDB Script (After Launch)----------------
targets -set -nocase -filter {name =~ "*microblaze*#0" && bscan=="USER2" }
con
----------------End of Script----------------

00:41:30 INFO  : Launch script is exported to file 'D:\EECE351\Lab\Lab7\workplace\Lab7_sw_system\_ide\scripts\systemdebugger_lab7_sw_system_standalone.tcl'
01:06:35 INFO  : Disconnected from the channel tcfchan#3.
01:06:58 DEBUG : Logs will be stored at 'D:/EECE351/Lab/Lab7/workplace/IDE.log'.
01:06:59 INFO  : Launching XSCT server: xsct.bat -n  -interactive D:\EECE351\Lab\Lab7\workplace\temp_xsdb_launch_script.tcl
01:07:02 INFO  : XSCT server has started successfully.
01:07:02 INFO  : Successfully done setting XSCT server connection channel  
01:07:02 INFO  : plnx-install-location is set to ''
01:07:02 INFO  : Successfully done setting workspace for the tool. 
01:07:02 INFO  : Platform repository initialization has completed.
01:07:02 INFO  : Successfully done query RDI_DATADIR 
01:07:02 INFO  : Registering command handlers for Vitis TCF services
